
CH32V003F4P.elf:     file format elf32-littleriscv
CH32V003F4P.elf
architecture: riscv:rv32, flags 0x00000112:
EXEC_P, HAS_SYMS, D_PAGED
start address 0x00000000

Program Header:
    LOAD off    0x00001000 vaddr 0x00000000 paddr 0x00000000 align 2**12
         filesz 0x00001014 memsz 0x00001014 flags r-x
    LOAD off    0x00003000 vaddr 0x20000000 paddr 0x00001014 align 2**12
         filesz 0x00000018 memsz 0x00000138 flags rw-
    LOAD off    0x00003700 vaddr 0x20000700 paddr 0x20000700 align 2**12
         filesz 0x00000000 memsz 0x00000100 flags rw-

Sections:
Idx Name          Size      VMA       LMA       File off  Algn
  0 .init         000000a0  00000000  00000000  00001000  2**2
                  CONTENTS, ALLOC, LOAD, READONLY, CODE
  1 .highcodelalign 00000000  000000a0  000000a0  00003018  2**0
                  CONTENTS
  2 .highcode     00000000  20000000  20000000  00003018  2**0
                  CONTENTS
  3 .text         00000f74  000000a0  000000a0  000010a0  2**2
                  CONTENTS, ALLOC, LOAD, READONLY, CODE
  4 .fini         00000000  00001014  00001014  00003018  2**0
                  CONTENTS, ALLOC, LOAD, CODE
  5 .dalign       00000000  20000000  20000000  00003018  2**0
                  CONTENTS
  6 .dlalign      00000000  00001014  00001014  00003018  2**0
                  CONTENTS
  7 .data         00000018  20000000  00001014  00003000  2**2
                  CONTENTS, ALLOC, LOAD, DATA
  8 .bss          00000120  20000018  0000102c  00003018  2**2
                  ALLOC
  9 .stack        00000100  20000700  20000700  00003700  2**0
                  ALLOC
 10 .debug_info   0000e27c  00000000  00000000  00003018  2**0
                  CONTENTS, READONLY, DEBUGGING
 11 .debug_abbrev 0000262e  00000000  00000000  00011294  2**0
                  CONTENTS, READONLY, DEBUGGING
 12 .debug_aranges 00000660  00000000  00000000  000138c8  2**3
                  CONTENTS, READONLY, DEBUGGING
 13 .debug_ranges 00000628  00000000  00000000  00013f28  2**3
                  CONTENTS, READONLY, DEBUGGING
 14 .debug_line   0000904f  00000000  00000000  00014550  2**0
                  CONTENTS, READONLY, DEBUGGING
 15 .debug_str    00002089  00000000  00000000  0001d59f  2**0
                  CONTENTS, READONLY, DEBUGGING
 16 .comment      00000033  00000000  00000000  0001f628  2**0
                  CONTENTS, READONLY
 17 .debug_frame  00000d00  00000000  00000000  0001f65c  2**2
                  CONTENTS, READONLY, DEBUGGING
 18 .debug_loc    000029aa  00000000  00000000  0002035c  2**0
                  CONTENTS, READONLY, DEBUGGING
SYMBOL TABLE:
00000000 l    d  .init	00000000 .init
000000a0 l    d  .highcodelalign	00000000 .highcodelalign
20000000 l    d  .highcode	00000000 .highcode
000000a0 l    d  .text	00000000 .text
00001014 l    d  .fini	00000000 .fini
20000000 l    d  .dalign	00000000 .dalign
00001014 l    d  .dlalign	00000000 .dlalign
20000000 l    d  .data	00000000 .data
20000018 l    d  .bss	00000000 .bss
20000700 l    d  .stack	00000000 .stack
00000000 l    d  .debug_info	00000000 .debug_info
00000000 l    d  .debug_abbrev	00000000 .debug_abbrev
00000000 l    d  .debug_aranges	00000000 .debug_aranges
00000000 l    d  .debug_ranges	00000000 .debug_ranges
00000000 l    d  .debug_line	00000000 .debug_line
00000000 l    d  .debug_str	00000000 .debug_str
00000000 l    d  .comment	00000000 .comment
00000000 l    d  .debug_frame	00000000 .debug_frame
00000000 l    d  .debug_loc	00000000 .debug_loc
00000000 l    df *ABS*	00000000 ch32v00x_it.c
00000000 l    df *ABS*	00000000 color_data.c
00000000 l    df *ABS*	00000000 main.c
00000000 l    df *ABS*	00000000 mode_function.c
00000000 l    df *ABS*	00000000 pwm.c
00000000 l    df *ABS*	00000000 sequence.c
00000000 l    df *ABS*	00000000 system_ch32v00x.c
00000000 l    df *ABS*	00000000 timer.c
00000000 l    df *ABS*	00000000 ch32v00x_gpio.c
00000000 l    df *ABS*	00000000 ch32v00x_misc.c
00000000 l    df *ABS*	00000000 ch32v00x_rcc.c
00000000 l    df *ABS*	00000000 ch32v00x_tim.c
00000000 l    df *ABS*	00000000 debug.c
20000134 l     O .bss	00000002 p_ms
20000136 l     O .bss	00000001 p_us
00000000 l    df *ABS*	00000000 ram.c
0000015c g     F .text	00000174 half_set_color_data_streaming
0000055c g     F .text	000000da dimming
200000a4 g     O .bss	00000020 sequence
20000818 g       .data	00000000 __global_pointer$
00000a62  w      .text	00000000 TIM1_CC_IRQHandler
0000014c g     F .text	00000010 HardFault_Handler
00000f66 g     F .text	0000000e TIM_OC1PreloadConfig
00000a62  w      .text	00000000 SysTick_Handler
00000c1e g     F .text	00000062 NVIC_Init
00000a62  w      .text	00000000 PVD_IRQHandler
0000014a g     F .text	00000002 NMI_Handler
00000792 g     F .text	0000005a led_sequence_init
20000018 g       .bss	00000000 _sbss
00000100 g       *ABS*	00000000 __stack_size
000000aa g     F .text	0000000a .hidden __riscv_restore_2
000009ae g     F .text	0000004a TIM1_init
00000f24 g     F .text	00000016 TIM_CtrlPWMOutputs
2000001c g     O .bss	00000078 color_data
20000122 g     O .bss	00000002 streaming_color_cnt
00000f0c g     F .text	00000018 TIM_Cmd
00000f98 g     F .text	00000016 TIM_OC4PreloadConfig
20000014 g     O .data	00000004 SystemCoreClock
000000d4 g     F .text	0000002c .hidden __udivsi3
200000a0 g     O .bss	00000001 led_current
000000a0 g       .init	00000000 _einit
00000fd2 g     F .text	0000000c TIM_ClearITPendingBit
00000c80 g     F .text	0000001e RCC_APB2PeriphClockCmd
00000b14 g     F .text	0000007c GPIO_Init
20000127 g     O .bss	00000001 streaming_r2
20000130 g     O .bss	00000004 NVIC_Priority_Group
00000a62  w      .text	00000000 SPI1_IRQHandler
000000a0 g     F .text	0000000a .hidden __riscv_save_1
000000aa g     F .text	0000000a .hidden __riscv_restore_0
00000a62  w      .text	00000000 AWU_IRQHandler
00000e0a g     F .text	00000094 TIM_OC3Init
00000a62  w      .text	00000000 EXTI7_0_IRQHandler
00000c9e g     F .text	0000001e RCC_APB1PeriphClockCmd
20000700 g       .stack	00000000 _heap_end
00000a62  w      .text	00000000 DMA1_Channel4_IRQHandler
200000c5 g     O .bss	00000001 streaming_b2
00000a62  w      .text	00000000 ADC1_IRQHandler
20000094 g     O .bss	00000002 dimming_cnt
20000138 g       .bss	00000000 _ebss
00000a62  w      .text	00000000 DMA1_Channel7_IRQHandler
00000d0a g     F .text	0000006a TIM_OC1Init
00000f8a g     F .text	0000000e TIM_OC3PreloadConfig
00000636 g     F .text	0000006a streaming
00000fde g     F .text	00000034 Delay_Init
20000018 g     O .bss	00000001 b_dimming_brightness
00000b9a g     F .text	00000084 GPIO_IPD_Unused
00000f4c g     F .text	0000001a TIM_ARRPreloadConfig
200000c8 g     O .bss	0000005a streaming_color
20000098 g     O .bss	00000008 led
00000100 g     F .text	00000008 .hidden __umodsi3
2000001a g     O .bss	00000001 button_flag
200000a3 g     O .bss	00000001 seq_i
00000a62  w      .text	00000000 I2C1_EV_IRQHandler
00000fba g     F .text	00000018 TIM_GetITStatus
00000a62  w      .text	00000000 DMA1_Channel6_IRQHandler
00000a62  w      .text	00000000 RCC_IRQHandler
00000a62  w      .text	00000000 TIM1_TRG_COM_IRQHandler
00000a62  w      .text	00000000 DMA1_Channel1_IRQHandler
00000000 g       .init	00000000 _start
00000f74 g     F .text	00000016 TIM_OC2PreloadConfig
00000f3a g     F .text	00000012 TIM_ITConfig
00000d74 g     F .text	00000096 TIM_OC2Init
20000000 g       .highcode	00000000 _highcode_vma_start
000000b4 g     F .text	00000014 .hidden __mulsi3
20000000 g       .dalign	00000000 _data_vma
00000fb2 g     F .text	00000004 TIM_SetCompare3
00000e9e g     F .text	0000006e TIM_OC4Init
200000a2 g     O .bss	00000001 r_dimming_brightness
2000012c g     O .bss	00000001 tick
00000454 g     F .text	0000007c main
200000a1 g     O .bss	00000001 led_next
000002f4 g     F .text	000000aa half_streaming_color_init
20000124 g     O .bss	00000001 streaming_g
20000128 g     O .bss	00000002 strobe_cnt
2000012b g     O .bss	00000001 target_animation
00000a62  w      .text	00000000 DMA1_Channel5_IRQHandler
000000cc g     F .text	00000058 .hidden __divsi3
00000fb6 g     F .text	00000004 TIM_SetCompare4
000006a0 g     F .text	0000002c led_mode_reset
000000a0 g       .highcodelalign	00000000 _highcode_lma
000007ec g     F .text	00000156 SystemInit
000002d0 g     F .text	00000024 color_data_init
00000000 g       .init	00000000 _sinit
00000a62  w      .text	00000000 DMA1_Channel3_IRQHandler
00000a62  w      .text	00000000 TIM1_UP_IRQHandler
00000a62  w      .text	00000000 WWDG_IRQHandler
0000039e g     F .text	000000b6 TIM2_IRQHandler
000004d0 g     F .text	0000008c strobe
20000800 g       .stack	00000000 _eusrstack
20000000 g     O .data	00000001 dimming_direction
000000a0 g     F .text	0000000a .hidden __riscv_save_2
00000a62  w      .text	00000000 SW_Handler
00000a62  w      .text	00000000 TIM1_BRK_IRQHandler
20000125 g     O .bss	00000001 streaming_g2
20000018 g       .data	00000000 _edata
20000126 g     O .bss	00000001 streaming_r
20000138 g       .bss	00000000 _end
2000012a g     O .bss	00000001 strobe_on_flag
20000000 g       .highcode	00000000 _highcode_vma_end
00000cbc g     F .text	0000004e TIM_TimeBaseInit
00001014 g       .dlalign	00000000 _data_lma
000006cc g     F .text	000000c6 pwm_led_init
00000942 g     F .text	0000006c SystemCoreClockUpdate
00000124 g     F .text	00000024 .hidden __modsi3
00000a62  w      .text	00000000 DMA1_Channel2_IRQHandler
20000004 g     O .data	00000010 HBPrescTable
00000a64  w      .text	00000000 handle_reset
000000a0 g     F .text	0000000a .hidden __riscv_save_0
00000a62  w      .text	00000000 FLASH_IRQHandler
00000a62  w      .text	00000000 USART1_IRQHandler
20000019 g     O .bss	00000001 button_cnt
00000a62  w      .text	00000000 I2C1_ER_IRQHandler
000009f8 g     F .text	0000006a TIM2_init
000000aa g     F .text	0000000a .hidden __riscv_restore_1
00000fae g     F .text	00000004 TIM_SetCompare1
00000b90 g     F .text	0000000a GPIO_ReadInputDataBit
20000096 g     O .bss	00000001 g_dimming_brightness
200000c4 g     O .bss	00000001 streaming_b



Disassembly of section .init:

00000000 <_sinit>:
   0:	2650006f          	j	a64 <handle_reset>
   4:	0000                	unimp
   6:	0000                	unimp
   8:	014a                	slli	sp,sp,0x12
   a:	0000                	unimp
   c:	014c                	addi	a1,sp,132
	...
  2e:	0000                	unimp
  30:	0a62                	slli	s4,s4,0x18
  32:	0000                	unimp
  34:	0000                	unimp
  36:	0000                	unimp
  38:	0a62                	slli	s4,s4,0x18
  3a:	0000                	unimp
  3c:	0000                	unimp
  3e:	0000                	unimp
  40:	0a62                	slli	s4,s4,0x18
  42:	0000                	unimp
  44:	0a62                	slli	s4,s4,0x18
  46:	0000                	unimp
  48:	0a62                	slli	s4,s4,0x18
  4a:	0000                	unimp
  4c:	0a62                	slli	s4,s4,0x18
  4e:	0000                	unimp
  50:	0a62                	slli	s4,s4,0x18
  52:	0000                	unimp
  54:	0a62                	slli	s4,s4,0x18
  56:	0000                	unimp
  58:	0a62                	slli	s4,s4,0x18
  5a:	0000                	unimp
  5c:	0a62                	slli	s4,s4,0x18
  5e:	0000                	unimp
  60:	0a62                	slli	s4,s4,0x18
  62:	0000                	unimp
  64:	0a62                	slli	s4,s4,0x18
  66:	0000                	unimp
  68:	0a62                	slli	s4,s4,0x18
  6a:	0000                	unimp
  6c:	0a62                	slli	s4,s4,0x18
  6e:	0000                	unimp
  70:	0a62                	slli	s4,s4,0x18
  72:	0000                	unimp
  74:	0a62                	slli	s4,s4,0x18
  76:	0000                	unimp
  78:	0a62                	slli	s4,s4,0x18
  7a:	0000                	unimp
  7c:	0a62                	slli	s4,s4,0x18
  7e:	0000                	unimp
  80:	0a62                	slli	s4,s4,0x18
  82:	0000                	unimp
  84:	0a62                	slli	s4,s4,0x18
  86:	0000                	unimp
  88:	0a62                	slli	s4,s4,0x18
  8a:	0000                	unimp
  8c:	0a62                	slli	s4,s4,0x18
  8e:	0000                	unimp
  90:	0a62                	slli	s4,s4,0x18
  92:	0000                	unimp
  94:	0a62                	slli	s4,s4,0x18
  96:	0000                	unimp
  98:	039e                	slli	t2,t2,0x7
  9a:	0000                	unimp
  9c:	0000                	unimp
	...

Disassembly of section .text:

000000a0 <__riscv_save_0>:
      a0:	1151                	addi	sp,sp,-12
      a2:	c026                	sw	s1,0(sp)
      a4:	c222                	sw	s0,4(sp)
      a6:	c406                	sw	ra,8(sp)
      a8:	8282                	jr	t0

000000aa <__riscv_restore_0>:
      aa:	4482                	lw	s1,0(sp)
      ac:	4412                	lw	s0,4(sp)
      ae:	40a2                	lw	ra,8(sp)
      b0:	0131                	addi	sp,sp,12
      b2:	8082                	ret

000000b4 <__mulsi3>:
      b4:	862a                	mv	a2,a0
      b6:	4501                	li	a0,0
      b8:	0015f693          	andi	a3,a1,1
      bc:	c291                	beqz	a3,c0 <__mulsi3+0xc>
      be:	9532                	add	a0,a0,a2
      c0:	8185                	srli	a1,a1,0x1
      c2:	0606                	slli	a2,a2,0x1
      c4:	f9f5                	bnez	a1,b8 <__mulsi3+0x4>
      c6:	8082                	ret
      c8:	0000                	unimp
	...

000000cc <__divsi3>:
      cc:	02054e63          	bltz	a0,108 <__umodsi3+0x8>
      d0:	0405c363          	bltz	a1,116 <__umodsi3+0x16>

000000d4 <__udivsi3>:
      d4:	862e                	mv	a2,a1
      d6:	85aa                	mv	a1,a0
      d8:	557d                	li	a0,-1
      da:	c215                	beqz	a2,fe <__udivsi3+0x2a>
      dc:	4685                	li	a3,1
      de:	00b67863          	bgeu	a2,a1,ee <__udivsi3+0x1a>
      e2:	00c05663          	blez	a2,ee <__udivsi3+0x1a>
      e6:	0606                	slli	a2,a2,0x1
      e8:	0686                	slli	a3,a3,0x1
      ea:	feb66ce3          	bltu	a2,a1,e2 <__udivsi3+0xe>
      ee:	4501                	li	a0,0
      f0:	00c5e463          	bltu	a1,a2,f8 <__udivsi3+0x24>
      f4:	8d91                	sub	a1,a1,a2
      f6:	8d55                	or	a0,a0,a3
      f8:	8285                	srli	a3,a3,0x1
      fa:	8205                	srli	a2,a2,0x1
      fc:	faf5                	bnez	a3,f0 <__udivsi3+0x1c>
      fe:	8082                	ret

00000100 <__umodsi3>:
     100:	8286                	mv	t0,ra
     102:	3fc9                	jal	d4 <__udivsi3>
     104:	852e                	mv	a0,a1
     106:	8282                	jr	t0
     108:	40a00533          	neg	a0,a0
     10c:	0005d763          	bgez	a1,11a <__umodsi3+0x1a>
     110:	40b005b3          	neg	a1,a1
     114:	b7c1                	j	d4 <__udivsi3>
     116:	40b005b3          	neg	a1,a1
     11a:	8286                	mv	t0,ra
     11c:	3f65                	jal	d4 <__udivsi3>
     11e:	40a00533          	neg	a0,a0
     122:	8282                	jr	t0

00000124 <__modsi3>:
     124:	8286                	mv	t0,ra
     126:	0005c763          	bltz	a1,134 <__modsi3+0x10>
     12a:	00054963          	bltz	a0,13c <__modsi3+0x18>
     12e:	375d                	jal	d4 <__udivsi3>
     130:	852e                	mv	a0,a1
     132:	8282                	jr	t0
     134:	40b005b3          	neg	a1,a1
     138:	fe055be3          	bgez	a0,12e <__modsi3+0xa>
     13c:	40a00533          	neg	a0,a0
     140:	3f51                	jal	d4 <__udivsi3>
     142:	40b00533          	neg	a0,a1
     146:	8282                	jr	t0
	...

0000014a <NMI_Handler>:
     14a:	a001                	j	14a <NMI_Handler>

0000014c <HardFault_Handler>:
     14c:	beef07b7          	lui	a5,0xbeef0
     150:	e000e737          	lui	a4,0xe000e
     154:	08078793          	addi	a5,a5,128 # beef0080 <__global_pointer$+0x9eeef868>
     158:	c73c                	sw	a5,72(a4)
     15a:	a001                	j	15a <HardFault_Handler+0xe>

0000015c <half_set_color_data_streaming>:
     15c:	f45ff2ef          	jal	t0,a0 <__riscv_save_0>
     160:	fd810113          	addi	sp,sp,-40
     164:	8b018713          	addi	a4,gp,-1872 # 200000c8 <streaming_color>
     168:	842e                	mv	s0,a1
     16a:	03950293          	addi	t0,a0,57
     16e:	03d50793          	addi	a5,a0,61
     172:	4381                	li	t2,0
     174:	c03a                	sw	a4,0(sp)
     176:	d03e                	sw	a5,32(sp)
     178:	9131c503          	lbu	a0,-1773(gp) # 2000012b <target_animation>
     17c:	45bd                	li	a1,15
     17e:	d216                	sw	t0,36(sp)
     180:	951e                	add	a0,a0,t2
     182:	ce1e                	sw	t2,28(sp)
     184:	3745                	jal	124 <__modsi3>
     186:	872a                	mv	a4,a0
     188:	88a18423          	sb	a0,-1912(gp) # 200000a0 <led_current>
     18c:	45bd                	li	a1,15
     18e:	0505                	addi	a0,a0,1
     190:	c23a                	sw	a4,4(sp)
     192:	3f49                	jal	124 <__modsi3>
     194:	4712                	lw	a4,4(sp)
     196:	88a184a3          	sb	a0,-1911(gp) # 200000a1 <led_next>
     19a:	4782                	lw	a5,0(sp)
     19c:	00171313          	slli	t1,a4,0x1
     1a0:	933a                	add	t1,t1,a4
     1a2:	979a                	add	a5,a5,t1
     1a4:	0007c303          	lbu	t1,0(a5)
     1a8:	c23e                	sw	a5,4(sp)
     1aa:	90a1d483          	lhu	s1,-1782(gp) # 20000122 <streaming_color_cnt>
     1ae:	4782                	lw	a5,0(sp)
     1b0:	00151613          	slli	a2,a0,0x1
     1b4:	962a                	add	a2,a2,a0
     1b6:	97b2                	add	a5,a5,a2
     1b8:	ca2a                	sw	a0,20(sp)
     1ba:	2388                	lbu	a0,0(a5)
     1bc:	85a6                	mv	a1,s1
     1be:	cc3a                	sw	a4,24(sp)
     1c0:	40650533          	sub	a0,a0,t1
     1c4:	c43e                	sw	a5,8(sp)
     1c6:	c61a                	sw	t1,12(sp)
     1c8:	35f5                	jal	b4 <__mulsi3>
     1ca:	85a2                	mv	a1,s0
     1cc:	3701                	jal	cc <__divsi3>
     1ce:	4332                	lw	t1,12(sp)
     1d0:	85a6                	mv	a1,s1
     1d2:	951a                	add	a0,a0,t1
     1d4:	0ff57793          	andi	a5,a0,255
     1d8:	c63e                	sw	a5,12(sp)
     1da:	4732                	lw	a4,12(sp)
     1dc:	8ae18623          	sb	a4,-1876(gp) # 200000c4 <streaming_b>
     1e0:	4792                	lw	a5,4(sp)
     1e2:	3390                	lbu	a2,1(a5)
     1e4:	47a2                	lw	a5,8(sp)
     1e6:	c832                	sw	a2,16(sp)
     1e8:	3388                	lbu	a0,1(a5)
     1ea:	8d11                	sub	a0,a0,a2
     1ec:	35e1                	jal	b4 <__mulsi3>
     1ee:	85a2                	mv	a1,s0
     1f0:	3df1                	jal	cc <__divsi3>
     1f2:	4712                	lw	a4,4(sp)
     1f4:	4642                	lw	a2,16(sp)
     1f6:	00274303          	lbu	t1,2(a4) # e000e002 <__global_pointer$+0xc000d7ea>
     1fa:	4722                	lw	a4,8(sp)
     1fc:	9532                	add	a0,a0,a2
     1fe:	90a18623          	sb	a0,-1780(gp) # 20000124 <streaming_g>
     202:	2328                	lbu	a0,2(a4)
     204:	85a6                	mv	a1,s1
     206:	c21a                	sw	t1,4(sp)
     208:	40650533          	sub	a0,a0,t1
     20c:	3565                	jal	b4 <__mulsi3>
     20e:	85a2                	mv	a1,s0
     210:	3d75                	jal	cc <__divsi3>
     212:	4312                	lw	t1,4(sp)
     214:	4682                	lw	a3,0(sp)
     216:	951a                	add	a0,a0,t1
     218:	90a18723          	sb	a0,-1778(gp) # 20000126 <streaming_r>
     21c:	4762                	lw	a4,24(sp)
     21e:	073d                	addi	a4,a4,15
     220:	00171613          	slli	a2,a4,0x1
     224:	9732                	add	a4,a4,a2
     226:	9736                	add	a4,a4,a3
     228:	2310                	lbu	a2,0(a4)
     22a:	c83a                	sw	a4,16(sp)
     22c:	46d2                	lw	a3,20(sp)
     22e:	c232                	sw	a2,4(sp)
     230:	06bd                	addi	a3,a3,15
     232:	00169593          	slli	a1,a3,0x1
     236:	96ae                	add	a3,a3,a1
     238:	4582                	lw	a1,0(sp)
     23a:	96ae                	add	a3,a3,a1
     23c:	2288                	lbu	a0,0(a3)
     23e:	85a6                	mv	a1,s1
     240:	c436                	sw	a3,8(sp)
     242:	8d11                	sub	a0,a0,a2
     244:	3d85                	jal	b4 <__mulsi3>
     246:	85a2                	mv	a1,s0
     248:	3551                	jal	cc <__divsi3>
     24a:	4612                	lw	a2,4(sp)
     24c:	4742                	lw	a4,16(sp)
     24e:	9532                	add	a0,a0,a2
     250:	8aa186a3          	sb	a0,-1875(gp) # 200000c5 <streaming_b2>
     254:	46a2                	lw	a3,8(sp)
     256:	3310                	lbu	a2,1(a4)
     258:	85a6                	mv	a1,s1
     25a:	3288                	lbu	a0,1(a3)
     25c:	c232                	sw	a2,4(sp)
     25e:	8d11                	sub	a0,a0,a2
     260:	3d91                	jal	b4 <__mulsi3>
     262:	85a2                	mv	a1,s0
     264:	35a5                	jal	cc <__divsi3>
     266:	4612                	lw	a2,4(sp)
     268:	46a2                	lw	a3,8(sp)
     26a:	4742                	lw	a4,16(sp)
     26c:	9532                	add	a0,a0,a2
     26e:	2338                	lbu	a4,2(a4)
     270:	90a186a3          	sb	a0,-1779(gp) # 20000125 <streaming_g2>
     274:	22a8                	lbu	a0,2(a3)
     276:	85a6                	mv	a1,s1
     278:	c23a                	sw	a4,4(sp)
     27a:	8d19                	sub	a0,a0,a4
     27c:	3d25                	jal	b4 <__mulsi3>
     27e:	85a2                	mv	a1,s0
     280:	35b1                	jal	cc <__divsi3>
     282:	4712                	lw	a4,4(sp)
     284:	5292                	lw	t0,36(sp)
     286:	45b2                	lw	a1,12(sp)
     288:	953a                	add	a0,a0,a4
     28a:	90a187a3          	sb	a0,-1777(gp) # 20000127 <streaming_r2>
     28e:	00b28023          	sb	a1,0(t0)
     292:	90c1c703          	lbu	a4,-1780(gp) # 20000124 <streaming_g>
     296:	5782                	lw	a5,32(sp)
     298:	00e280a3          	sb	a4,1(t0)
     29c:	90e1c703          	lbu	a4,-1778(gp) # 20000126 <streaming_r>
     2a0:	12f1                	addi	t0,t0,-4
     2a2:	0791                	addi	a5,a5,4
     2a4:	00e28323          	sb	a4,6(t0)
     2a8:	8ad1c703          	lbu	a4,-1875(gp) # 200000c5 <streaming_b2>
     2ac:	fee78e23          	sb	a4,-4(a5)
     2b0:	90d1c703          	lbu	a4,-1779(gp) # 20000125 <streaming_g2>
     2b4:	fee78ea3          	sb	a4,-3(a5)
     2b8:	90f1c703          	lbu	a4,-1777(gp) # 20000127 <streaming_r2>
     2bc:	43f2                	lw	t2,28(sp)
     2be:	fee78f23          	sb	a4,-2(a5)
     2c2:	0385                	addi	t2,t2,1
     2c4:	473d                	li	a4,15
     2c6:	eae398e3          	bne	t2,a4,176 <half_set_color_data_streaming+0x1a>
     2ca:	02810113          	addi	sp,sp,40
     2ce:	bbf1                	j	aa <__riscv_restore_0>

000002d0 <color_data_init>:
     2d0:	200007b7          	lui	a5,0x20000
     2d4:	01c78793          	addi	a5,a5,28 # 2000001c <color_data>
     2d8:	07878713          	addi	a4,a5,120
     2dc:	56fd                	li	a3,-1
     2de:	a394                	sb	a3,0(a5)
     2e0:	000780a3          	sb	zero,1(a5)
     2e4:	00078123          	sb	zero,2(a5)
     2e8:	000781a3          	sb	zero,3(a5)
     2ec:	0791                	addi	a5,a5,4
     2ee:	fee798e3          	bne	a5,a4,2de <color_data_init+0xe>
     2f2:	8082                	ret

000002f4 <half_streaming_color_init>:
     2f4:	dadff2ef          	jal	t0,a0 <__riscv_save_0>
     2f8:	8b018413          	addi	s0,gp,-1872 # 200000c8 <streaming_color>
     2fc:	4481                	li	s1,0
     2fe:	45bd                	li	a1,15
     300:	8526                	mv	a0,s1
     302:	33e9                	jal	cc <__divsi3>
     304:	fff54513          	not	a0,a0
     308:	6785                	lui	a5,0x1
     30a:	0ff57513          	andi	a0,a0,255
     30e:	05400713          	li	a4,84
     312:	f0078793          	addi	a5,a5,-256 # f00 <TIM_OC4Init+0x62>
     316:	0a900693          	li	a3,169
     31a:	02a76e63          	bltu	a4,a0,356 <half_streaming_color_init+0x62>
     31e:	00251613          	slli	a2,a0,0x2
     322:	40c50633          	sub	a2,a0,a2
     326:	00151593          	slli	a1,a0,0x1
     32a:	952e                	add	a0,a0,a1
     32c:	167d                	addi	a2,a2,-1
     32e:	0ff67613          	andi	a2,a2,255
     332:	0ff57513          	andi	a0,a0,255
     336:	4581                	li	a1,0
     338:	a008                	sb	a0,0(s0)
     33a:	b00c                	sb	a1,1(s0)
     33c:	a030                	sb	a2,2(s0)
     33e:	02a406a3          	sb	a0,45(s0)
     342:	02b40723          	sb	a1,46(s0)
     346:	02c407a3          	sb	a2,47(s0)
     34a:	10048493          	addi	s1,s1,256
     34e:	040d                	addi	s0,s0,3
     350:	faf497e3          	bne	s1,a5,2fe <half_streaming_color_init+0xa>
     354:	bb99                	j	aa <__riscv_restore_0>
     356:	02a6e363          	bltu	a3,a0,37c <half_streaming_color_init+0x88>
     35a:	fab50513          	addi	a0,a0,-85
     35e:	0ff57513          	andi	a0,a0,255
     362:	00151593          	slli	a1,a0,0x1
     366:	00251613          	slli	a2,a0,0x2
     36a:	95aa                	add	a1,a1,a0
     36c:	8d11                	sub	a0,a0,a2
     36e:	157d                	addi	a0,a0,-1
     370:	0ff5f593          	andi	a1,a1,255
     374:	0ff57513          	andi	a0,a0,255
     378:	4601                	li	a2,0
     37a:	bf7d                	j	338 <half_streaming_color_init+0x44>
     37c:	05650513          	addi	a0,a0,86
     380:	0ff57513          	andi	a0,a0,255
     384:	00151613          	slli	a2,a0,0x1
     388:	00251593          	slli	a1,a0,0x2
     38c:	962a                	add	a2,a2,a0
     38e:	8d0d                	sub	a0,a0,a1
     390:	157d                	addi	a0,a0,-1
     392:	0ff57593          	andi	a1,a0,255
     396:	0ff67613          	andi	a2,a2,255
     39a:	4501                	li	a0,0
     39c:	bf71                	j	338 <half_streaming_color_init+0x44>

0000039e <TIM2_IRQHandler>:
     39e:	1171                	addi	sp,sp,-4
     3a0:	4585                	li	a1,1
     3a2:	40000537          	lui	a0,0x40000
     3a6:	c022                	sw	s0,0(sp)
     3a8:	413000ef          	jal	ra,fba <TIM_GetITStatus>
     3ac:	c529                	beqz	a0,3f6 <TIM2_IRQHandler+0x58>
     3ae:	9141c783          	lbu	a5,-1772(gp) # 2000012c <tick>
     3b2:	20000437          	lui	s0,0x20000
     3b6:	4585                	li	a1,1
     3b8:	0785                	addi	a5,a5,1
     3ba:	0ff7f793          	andi	a5,a5,255
     3be:	90f18a23          	sb	a5,-1772(gp) # 2000012c <tick>
     3c2:	01944783          	lbu	a5,25(s0) # 20000019 <button_cnt>
     3c6:	40011537          	lui	a0,0x40011
     3ca:	0785                	addi	a5,a5,1
     3cc:	00f40ca3          	sb	a5,25(s0)
     3d0:	7c0000ef          	jal	ra,b90 <GPIO_ReadInputDataBit>
     3d4:	4705                	li	a4,1
     3d6:	02e51463          	bne	a0,a4,3fe <TIM2_IRQHandler+0x60>
     3da:	01944703          	lbu	a4,25(s0)
     3de:	47f5                	li	a5,29
     3e0:	00e7f663          	bgeu	a5,a4,3ec <TIM2_IRQHandler+0x4e>
     3e4:	200007b7          	lui	a5,0x20000
     3e8:	00a78d23          	sb	a0,26(a5) # 2000001a <button_flag>
     3ec:	4585                	li	a1,1
     3ee:	40000537          	lui	a0,0x40000
     3f2:	3e1000ef          	jal	ra,fd2 <TIM_ClearITPendingBit>
     3f6:	4402                	lw	s0,0(sp)
     3f8:	0111                	addi	sp,sp,4
     3fa:	30200073          	mret
     3fe:	200007b7          	lui	a5,0x20000
     402:	01a7c683          	lbu	a3,26(a5) # 2000001a <button_flag>
     406:	04e69463          	bne	a3,a4,44e <TIM2_IRQHandler+0xb0>
     40a:	00078d23          	sb	zero,26(a5)
     40e:	2c49                	jal	6a0 <led_mode_reset>
     410:	88b1c703          	lbu	a4,-1909(gp) # 200000a3 <seq_i>
     414:	468d                	li	a3,3
     416:	0705                	addi	a4,a4,1
     418:	0ff77713          	andi	a4,a4,255
     41c:	02e6e663          	bltu	a3,a4,448 <TIM2_IRQHandler+0xaa>
     420:	88e185a3          	sb	a4,-1909(gp) # 200000a3 <seq_i>
     424:	88b1c703          	lbu	a4,-1909(gp) # 200000a3 <seq_i>
     428:	88c18793          	addi	a5,gp,-1908 # 200000a4 <sequence>
     42c:	070e                	slli	a4,a4,0x3
     42e:	97ba                	add	a5,a5,a4
     430:	2392                	lhu	a2,0(a5)
     432:	23b4                	lbu	a3,2(a5)
     434:	88c19023          	sh	a2,-1920(gp) # 20000098 <led>
     438:	88018713          	addi	a4,gp,-1920 # 20000098 <led>
     43c:	a334                	sb	a3,2(a4)
     43e:	23d6                	lhu	a3,4(a5)
     440:	23fc                	lbu	a5,6(a5)
     442:	a356                	sh	a3,4(a4)
     444:	a37c                	sb	a5,6(a4)
     446:	b75d                	j	3ec <TIM2_IRQHandler+0x4e>
     448:	880185a3          	sb	zero,-1909(gp) # 200000a3 <seq_i>
     44c:	bfe1                	j	424 <TIM2_IRQHandler+0x86>
     44e:	00040ca3          	sb	zero,25(s0)
     452:	bf69                	j	3ec <TIM2_IRQHandler+0x4e>

00000454 <main>:
     454:	c4dff2ef          	jal	t0,a0 <__riscv_save_0>
     458:	20000437          	lui	s0,0x20000
     45c:	01442503          	lw	a0,20(s0) # 20000014 <SystemCoreClock>
     460:	000f44b7          	lui	s1,0xf4
     464:	24048593          	addi	a1,s1,576 # f4240 <_data_lma+0xf322c>
     468:	31b5                	jal	d4 <__udivsi3>
     46a:	fff50593          	addi	a1,a0,-1 # 3fffffff <__global_pointer$+0x1ffff7e7>
     46e:	05c2                	slli	a1,a1,0x10
     470:	81c1                	srli	a1,a1,0x10
     472:	0fe00513          	li	a0,254
     476:	2b25                	jal	9ae <TIM1_init>
     478:	01442503          	lw	a0,20(s0)
     47c:	24048593          	addi	a1,s1,576
     480:	3991                	jal	d4 <__udivsi3>
     482:	fff50593          	addi	a1,a0,-1
     486:	05c2                	slli	a1,a1,0x10
     488:	81c1                	srli	a1,a1,0x10
     48a:	3e700513          	li	a0,999
     48e:	23ad                	jal	9f8 <TIM2_init>
     490:	88018413          	addi	s0,gp,-1920 # 20000098 <led>
     494:	217d                	jal	942 <SystemCoreClockUpdate>
     496:	349000ef          	jal	ra,fde <Delay_Init>
     49a:	3d1d                	jal	2d0 <color_data_init>
     49c:	3da1                	jal	2f4 <half_streaming_color_init>
     49e:	243d                	jal	6cc <pwm_led_init>
     4a0:	2ccd                	jal	792 <led_sequence_init>
     4a2:	4691                	li	a3,4
     4a4:	9141c703          	lbu	a4,-1772(gp) # 2000012c <tick>
     4a8:	fee6fee3          	bgeu	a3,a4,4a4 <main+0x50>
     4ac:	90018a23          	sb	zero,-1772(gp) # 2000012c <tick>
     4b0:	207c                	lbu	a5,6(s0)
     4b2:	4705                	li	a4,1
     4b4:	00e79463          	bne	a5,a4,4bc <main+0x68>
     4b8:	2821                	jal	4d0 <strobe>
     4ba:	b7e5                	j	4a2 <main+0x4e>
     4bc:	4709                	li	a4,2
     4be:	00e79463          	bne	a5,a4,4c6 <main+0x72>
     4c2:	2869                	jal	55c <dimming>
     4c4:	bff9                	j	4a2 <main+0x4e>
     4c6:	470d                	li	a4,3
     4c8:	fce79de3          	bne	a5,a4,4a2 <main+0x4e>
     4cc:	22ad                	jal	636 <streaming>
     4ce:	bfd1                	j	4a2 <main+0x4e>

000004d0 <strobe>:
     4d0:	bd1ff2ef          	jal	t0,a0 <__riscv_save_0>
     4d4:	88018793          	addi	a5,gp,-1920 # 20000098 <led>
     4d8:	23d6                	lhu	a3,4(a5)
     4da:	88018413          	addi	s0,gp,-1920 # 20000098 <led>
     4de:	ca91                	beqz	a3,4f2 <strobe+0x22>
     4e0:	9101d783          	lhu	a5,-1776(gp) # 20000128 <strobe_cnt>
     4e4:	0785                	addi	a5,a5,1
     4e6:	07c2                	slli	a5,a5,0x10
     4e8:	83c1                	srli	a5,a5,0x10
     4ea:	90f19823          	sh	a5,-1776(gp) # 20000128 <strobe_cnt>
     4ee:	02d7fd63          	bgeu	a5,a3,528 <strobe+0x58>
     4f2:	4785                	li	a5,1
     4f4:	90f18923          	sb	a5,-1774(gp) # 2000012a <strobe_on_flag>
     4f8:	9121c783          	lbu	a5,-1774(gp) # 2000012a <strobe_on_flag>
     4fc:	4685                	li	a3,1
     4fe:	02d79e63          	bne	a5,a3,53a <strobe+0x6a>
     502:	8801c583          	lbu	a1,-1920(gp) # 20000098 <led>
     506:	400134b7          	lui	s1,0x40013
     50a:	c0048513          	addi	a0,s1,-1024 # 40012c00 <__global_pointer$+0x200123e8>
     50e:	2a5000ef          	jal	ra,fb2 <TIM_SetCompare3>
     512:	300c                	lbu	a1,1(s0)
     514:	c0048513          	addi	a0,s1,-1024
     518:	29f000ef          	jal	ra,fb6 <TIM_SetCompare4>
     51c:	202c                	lbu	a1,2(s0)
     51e:	c0048513          	addi	a0,s1,-1024
     522:	28d000ef          	jal	ra,fae <TIM_SetCompare1>
     526:	b651                	j	aa <__riscv_restore_0>
     528:	0686                	slli	a3,a3,0x1
     52a:	00d7d563          	bge	a5,a3,534 <strobe+0x64>
     52e:	90018923          	sb	zero,-1774(gp) # 2000012a <strobe_on_flag>
     532:	b7d9                	j	4f8 <strobe+0x28>
     534:	90019823          	sh	zero,-1776(gp) # 20000128 <strobe_cnt>
     538:	b7c1                	j	4f8 <strobe+0x28>
     53a:	f7f5                	bnez	a5,526 <strobe+0x56>
     53c:	40013437          	lui	s0,0x40013
     540:	4581                	li	a1,0
     542:	c0040513          	addi	a0,s0,-1024 # 40012c00 <__global_pointer$+0x200123e8>
     546:	26d000ef          	jal	ra,fb2 <TIM_SetCompare3>
     54a:	4581                	li	a1,0
     54c:	c0040513          	addi	a0,s0,-1024
     550:	267000ef          	jal	ra,fb6 <TIM_SetCompare4>
     554:	4581                	li	a1,0
     556:	c0040513          	addi	a0,s0,-1024
     55a:	b7e1                	j	522 <strobe+0x52>

0000055c <dimming>:
     55c:	b45ff2ef          	jal	t0,a0 <__riscv_save_0>
     560:	200006b7          	lui	a3,0x20000
     564:	0006c603          	lbu	a2,0(a3) # 20000000 <_highcode_vma_end>
     568:	4585                	li	a1,1
     56a:	1131                	addi	sp,sp,-20
     56c:	87c1d703          	lhu	a4,-1924(gp) # 20000094 <dimming_cnt>
     570:	0ab61663          	bne	a2,a1,61c <dimming+0xc0>
     574:	0705                	addi	a4,a4,1
     576:	86e19e23          	sh	a4,-1924(gp) # 20000094 <dimming_cnt>
     57a:	8801c283          	lbu	t0,-1920(gp) # 20000098 <led>
     57e:	87c1d303          	lhu	t1,-1924(gp) # 20000094 <dimming_cnt>
     582:	88018413          	addi	s0,gp,-1920 # 20000098 <led>
     586:	2046                	lhu	s1,4(s0)
     588:	8516                	mv	a0,t0
     58a:	859a                	mv	a1,t1
     58c:	c816                	sw	t0,16(sp)
     58e:	c01a                	sw	t1,0(sp)
     590:	3615                	jal	b4 <__mulsi3>
     592:	85a6                	mv	a1,s1
     594:	3e25                	jal	cc <__divsi3>
     596:	00144383          	lbu	t2,1(s0)
     59a:	4302                	lw	t1,0(sp)
     59c:	0ff57713          	andi	a4,a0,255
     5a0:	88e18523          	sb	a4,-1910(gp) # 200000a2 <r_dimming_brightness>
     5a4:	851e                	mv	a0,t2
     5a6:	859a                	mv	a1,t1
     5a8:	c63a                	sw	a4,12(sp)
     5aa:	c21e                	sw	t2,4(sp)
     5ac:	c41a                	sw	t1,8(sp)
     5ae:	3619                	jal	b4 <__mulsi3>
     5b0:	85a6                	mv	a1,s1
     5b2:	3e29                	jal	cc <__divsi3>
     5b4:	4322                	lw	t1,8(sp)
     5b6:	2020                	lbu	s0,2(s0)
     5b8:	0ff57613          	andi	a2,a0,255
     5bc:	86c18f23          	sb	a2,-1922(gp) # 20000096 <g_dimming_brightness>
     5c0:	859a                	mv	a1,t1
     5c2:	8522                	mv	a0,s0
     5c4:	c032                	sw	a2,0(sp)
     5c6:	34fd                	jal	b4 <__mulsi3>
     5c8:	85a6                	mv	a1,s1
     5ca:	3609                	jal	cc <__divsi3>
     5cc:	4602                	lw	a2,0(sp)
     5ce:	4732                	lw	a4,12(sp)
     5d0:	0ff57513          	andi	a0,a0,255
     5d4:	200004b7          	lui	s1,0x20000
     5d8:	00c765b3          	or	a1,a4,a2
     5dc:	00a48c23          	sb	a0,24(s1) # 20000018 <_edata>
     5e0:	8dc9                	or	a1,a1,a0
     5e2:	4392                	lw	t2,4(sp)
     5e4:	42c2                	lw	t0,16(sp)
     5e6:	200006b7          	lui	a3,0x20000
     5ea:	ed95                	bnez	a1,626 <dimming+0xca>
     5ec:	4605                	li	a2,1
     5ee:	00c68023          	sb	a2,0(a3) # 20000000 <_highcode_vma_end>
     5f2:	40013437          	lui	s0,0x40013
     5f6:	85ba                	mv	a1,a4
     5f8:	c0040513          	addi	a0,s0,-1024 # 40012c00 <__global_pointer$+0x200123e8>
     5fc:	1b7000ef          	jal	ra,fb2 <TIM_SetCompare3>
     600:	87e1c583          	lbu	a1,-1922(gp) # 20000096 <g_dimming_brightness>
     604:	c0040513          	addi	a0,s0,-1024
     608:	1af000ef          	jal	ra,fb6 <TIM_SetCompare4>
     60c:	0184c583          	lbu	a1,24(s1)
     610:	c0040513          	addi	a0,s0,-1024
     614:	19b000ef          	jal	ra,fae <TIM_SetCompare1>
     618:	0151                	addi	sp,sp,20
     61a:	bc41                	j	aa <__riscv_restore_0>
     61c:	4589                	li	a1,2
     61e:	f4b61ee3          	bne	a2,a1,57a <dimming+0x1e>
     622:	177d                	addi	a4,a4,-1
     624:	bf89                	j	576 <dimming+0x1a>
     626:	fc5766e3          	bltu	a4,t0,5f2 <dimming+0x96>
     62a:	fc7664e3          	bltu	a2,t2,5f2 <dimming+0x96>
     62e:	fc8562e3          	bltu	a0,s0,5f2 <dimming+0x96>
     632:	4609                	li	a2,2
     634:	bf6d                	j	5ee <dimming+0x92>

00000636 <streaming>:
     636:	a6bff2ef          	jal	t0,a0 <__riscv_save_0>
     63a:	90a1d783          	lhu	a5,-1782(gp) # 20000122 <streaming_color_cnt>
     63e:	8841d583          	lhu	a1,-1916(gp) # 2000009c <led+0x4>
     642:	0785                	addi	a5,a5,1
     644:	07c2                	slli	a5,a5,0x10
     646:	83c1                	srli	a5,a5,0x10
     648:	90f19523          	sh	a5,-1782(gp) # 20000122 <streaming_color_cnt>
     64c:	00b7ee63          	bltu	a5,a1,668 <streaming+0x32>
     650:	90019523          	sh	zero,-1782(gp) # 20000122 <streaming_color_cnt>
     654:	9131c783          	lbu	a5,-1773(gp) # 2000012b <target_animation>
     658:	46b9                	li	a3,14
     65a:	0785                	addi	a5,a5,1
     65c:	0ff7f793          	andi	a5,a5,255
     660:	02f6ed63          	bltu	a3,a5,69a <streaming+0x64>
     664:	90f189a3          	sb	a5,-1773(gp) # 2000012b <target_animation>
     668:	20000437          	lui	s0,0x20000
     66c:	01c40513          	addi	a0,s0,28 # 2000001c <color_data>
     670:	34f5                	jal	15c <half_set_color_data_streaming>
     672:	01c40413          	addi	s0,s0,28
     676:	302c                	lbu	a1,3(s0)
     678:	400134b7          	lui	s1,0x40013
     67c:	c0048513          	addi	a0,s1,-1024 # 40012c00 <__global_pointer$+0x200123e8>
     680:	133000ef          	jal	ra,fb2 <TIM_SetCompare3>
     684:	202c                	lbu	a1,2(s0)
     686:	c0048513          	addi	a0,s1,-1024
     68a:	12d000ef          	jal	ra,fb6 <TIM_SetCompare4>
     68e:	300c                	lbu	a1,1(s0)
     690:	c0048513          	addi	a0,s1,-1024
     694:	11b000ef          	jal	ra,fae <TIM_SetCompare1>
     698:	bc09                	j	aa <__riscv_restore_0>
     69a:	900189a3          	sb	zero,-1773(gp) # 2000012b <target_animation>
     69e:	b7e9                	j	668 <streaming+0x32>

000006a0 <led_mode_reset>:
     6a0:	90019823          	sh	zero,-1776(gp) # 20000128 <strobe_cnt>
     6a4:	86019e23          	sh	zero,-1924(gp) # 20000094 <dimming_cnt>
     6a8:	4705                	li	a4,1
     6aa:	200007b7          	lui	a5,0x20000
     6ae:	00e78023          	sb	a4,0(a5) # 20000000 <_highcode_vma_end>
     6b2:	88018523          	sb	zero,-1910(gp) # 200000a2 <r_dimming_brightness>
     6b6:	86018f23          	sb	zero,-1922(gp) # 20000096 <g_dimming_brightness>
     6ba:	200007b7          	lui	a5,0x20000
     6be:	00078c23          	sb	zero,24(a5) # 20000018 <_edata>
     6c2:	90019523          	sh	zero,-1782(gp) # 20000122 <streaming_color_cnt>
     6c6:	900189a3          	sb	zero,-1773(gp) # 2000012b <target_animation>
     6ca:	8082                	ret

000006cc <pwm_led_init>:
     6cc:	9d5ff2ef          	jal	t0,a0 <__riscv_save_0>
     6d0:	67c1                	lui	a5,0x10
     6d2:	1111                	addi	sp,sp,-28
     6d4:	40013437          	lui	s0,0x40013
     6d8:	06078793          	addi	a5,a5,96 # 10060 <_data_lma+0xf04c>
     6dc:	ca02                	sw	zero,20(sp)
     6de:	c63e                	sw	a5,12(sp)
     6e0:	006c                	addi	a1,sp,12
     6e2:	4789                	li	a5,2
     6e4:	c0040513          	addi	a0,s0,-1024 # 40012c00 <__global_pointer$+0x200123e8>
     6e8:	82fc                	sh	a5,20(sp)
     6ea:	c002                	sw	zero,0(sp)
     6ec:	c202                	sw	zero,4(sp)
     6ee:	c402                	sw	zero,8(sp)
     6f0:	c802                	sw	zero,16(sp)
     6f2:	cc02                	sw	zero,24(sp)
     6f4:	2d19                	jal	d0a <TIM_OC1Init>
     6f6:	006c                	addi	a1,sp,12
     6f8:	c0040513          	addi	a0,s0,-1024
     6fc:	2da5                	jal	d74 <TIM_OC2Init>
     6fe:	006c                	addi	a1,sp,12
     700:	c0040513          	addi	a0,s0,-1024
     704:	2719                	jal	e0a <TIM_OC3Init>
     706:	006c                	addi	a1,sp,12
     708:	c0040513          	addi	a0,s0,-1024
     70c:	792000ef          	jal	ra,e9e <TIM_OC4Init>
     710:	c0040513          	addi	a0,s0,-1024
     714:	4581                	li	a1,0
     716:	051000ef          	jal	ra,f66 <TIM_OC1PreloadConfig>
     71a:	c0040513          	addi	a0,s0,-1024
     71e:	4581                	li	a1,0
     720:	055000ef          	jal	ra,f74 <TIM_OC2PreloadConfig>
     724:	c0040513          	addi	a0,s0,-1024
     728:	4581                	li	a1,0
     72a:	061000ef          	jal	ra,f8a <TIM_OC3PreloadConfig>
     72e:	c0040513          	addi	a0,s0,-1024
     732:	4581                	li	a1,0
     734:	065000ef          	jal	ra,f98 <TIM_OC4PreloadConfig>
     738:	c0040513          	addi	a0,s0,-1024
     73c:	4585                	li	a1,1
     73e:	7e6000ef          	jal	ra,f24 <TIM_CtrlPWMOutputs>
     742:	440d                	li	s0,3
     744:	44e1                	li	s1,24
     746:	47a1                	li	a5,8
     748:	858a                	mv	a1,sp
     74a:	40011537          	lui	a0,0x40011
     74e:	807c                	sh	a5,0(sp)
     750:	c426                	sw	s1,8(sp)
     752:	c222                	sw	s0,4(sp)
     754:	26c1                	jal	b14 <GPIO_Init>
     756:	47c1                	li	a5,16
     758:	858a                	mv	a1,sp
     75a:	40011537          	lui	a0,0x40011
     75e:	807c                	sh	a5,0(sp)
     760:	c426                	sw	s1,8(sp)
     762:	c222                	sw	s0,4(sp)
     764:	2e45                	jal	b14 <GPIO_Init>
     766:	40011537          	lui	a0,0x40011
     76a:	4791                	li	a5,4
     76c:	858a                	mv	a1,sp
     76e:	40050513          	addi	a0,a0,1024 # 40011400 <__global_pointer$+0x20010be8>
     772:	807c                	sh	a5,0(sp)
     774:	c426                	sw	s1,8(sp)
     776:	c222                	sw	s0,4(sp)
     778:	2e71                	jal	b14 <GPIO_Init>
     77a:	4785                	li	a5,1
     77c:	807c                	sh	a5,0(sp)
     77e:	858a                	mv	a1,sp
     780:	4791                	li	a5,4
     782:	40011537          	lui	a0,0x40011
     786:	c43e                	sw	a5,8(sp)
     788:	c222                	sw	s0,4(sp)
     78a:	2669                	jal	b14 <GPIO_Init>
     78c:	0171                	addi	sp,sp,28
     78e:	91dff06f          	j	aa <__riscv_restore_0>

00000792 <led_sequence_init>:
     792:	0c800613          	li	a2,200
     796:	88019623          	sh	zero,-1908(gp) # 200000a4 <sequence>
     79a:	88c18793          	addi	a5,gp,-1908 # 200000a4 <sequence>
     79e:	a7d2                	sh	a2,12(a5)
     7a0:	660d                	lui	a2,0x3
     7a2:	23260613          	addi	a2,a2,562 # 3232 <_data_lma+0x221e>
     7a6:	577d                	li	a4,-1
     7a8:	ab92                	sh	a2,16(a5)
     7aa:	03200613          	li	a2,50
     7ae:	a79a                	sh	a4,8(a5)
     7b0:	a7b8                	sb	a4,10(a5)
     7b2:	abb0                	sb	a2,18(a5)
     7b4:	af9a                	sh	a4,24(a5)
     7b6:	06400613          	li	a2,100
     7ba:	afb8                	sb	a4,26(a5)
     7bc:	4751                	li	a4,20
     7be:	4685                	li	a3,1
     7c0:	abd2                	sh	a2,20(a5)
     7c2:	afda                	sh	a4,28(a5)
     7c4:	4609                	li	a2,2
     7c6:	470d                	li	a4,3
     7c8:	00078123          	sb	zero,2(a5)
     7cc:	00079223          	sh	zero,4(a5)
     7d0:	a3f4                	sb	a3,6(a5)
     7d2:	a7f4                	sb	a3,14(a5)
     7d4:	abf0                	sb	a2,22(a5)
     7d6:	aff8                	sb	a4,30(a5)
     7d8:	88019023          	sh	zero,-1920(gp) # 20000098 <led>
     7dc:	88018793          	addi	a5,gp,-1920 # 20000098 <led>
     7e0:	00078123          	sb	zero,2(a5)
     7e4:	00079223          	sh	zero,4(a5)
     7e8:	a3f4                	sb	a3,6(a5)
     7ea:	8082                	ret

000007ec <SystemInit>:
     7ec:	8b5ff2ef          	jal	t0,a0 <__riscv_save_0>
     7f0:	4689                	li	a3,2
     7f2:	400227b7          	lui	a5,0x40022
     7f6:	c394                	sw	a3,0(a5)
     7f8:	40021437          	lui	s0,0x40021
     7fc:	401c                	lw	a5,0(s0)
     7fe:	68ff0737          	lui	a4,0x68ff0
     802:	1161                	addi	sp,sp,-8
     804:	0017e793          	ori	a5,a5,1
     808:	c01c                	sw	a5,0(s0)
     80a:	405c                	lw	a5,4(s0)
     80c:	8ff9                	and	a5,a5,a4
     80e:	c05c                	sw	a5,4(s0)
     810:	401c                	lw	a5,0(s0)
     812:	fed70737          	lui	a4,0xfed70
     816:	176d                	addi	a4,a4,-5
     818:	8ff9                	and	a5,a5,a4
     81a:	00100737          	lui	a4,0x100
     81e:	8fd9                	or	a5,a5,a4
     820:	c01c                	sw	a5,0(s0)
     822:	401c                	lw	a5,0(s0)
     824:	fffc0737          	lui	a4,0xfffc0
     828:	177d                	addi	a4,a4,-1
     82a:	8ff9                	and	a5,a5,a4
     82c:	c01c                	sw	a5,0(s0)
     82e:	405c                	lw	a5,4(s0)
     830:	7741                	lui	a4,0xffff0
     832:	177d                	addi	a4,a4,-1
     834:	8ff9                	and	a5,a5,a4
     836:	c05c                	sw	a5,4(s0)
     838:	009d07b7          	lui	a5,0x9d0
     83c:	c41c                	sw	a5,8(s0)
     83e:	4c1c                	lw	a5,24(s0)
     840:	0207e793          	ori	a5,a5,32
     844:	cc1c                	sw	a5,24(s0)
     846:	400117b7          	lui	a5,0x40011
     84a:	4007a703          	lw	a4,1024(a5) # 40011400 <__global_pointer$+0x20010be8>
     84e:	f0f77713          	andi	a4,a4,-241
     852:	40e7a023          	sw	a4,1024(a5)
     856:	4007a703          	lw	a4,1024(a5)
     85a:	08076713          	ori	a4,a4,128
     85e:	40e7a023          	sw	a4,1024(a5)
     862:	40d7a823          	sw	a3,1040(a5)
     866:	2e15                	jal	b9a <GPIO_IPD_Unused>
     868:	c002                	sw	zero,0(sp)
     86a:	c202                	sw	zero,4(sp)
     86c:	4c1c                	lw	a5,24(s0)
     86e:	40010737          	lui	a4,0x40010
     872:	000206b7          	lui	a3,0x20
     876:	0017e793          	ori	a5,a5,1
     87a:	cc1c                	sw	a5,24(s0)
     87c:	435c                	lw	a5,4(a4)
     87e:	00020637          	lui	a2,0x20
     882:	8fd5                	or	a5,a5,a3
     884:	c35c                	sw	a5,4(a4)
     886:	401c                	lw	a5,0(s0)
     888:	6741                	lui	a4,0x10
     88a:	400216b7          	lui	a3,0x40021
     88e:	8fd9                	or	a5,a5,a4
     890:	c01c                	sw	a5,0(s0)
     892:	6709                	lui	a4,0x2
     894:	429c                	lw	a5,0(a3)
     896:	8ff1                	and	a5,a5,a2
     898:	c23e                	sw	a5,4(sp)
     89a:	4782                	lw	a5,0(sp)
     89c:	0785                	addi	a5,a5,1
     89e:	c03e                	sw	a5,0(sp)
     8a0:	4792                	lw	a5,4(sp)
     8a2:	e781                	bnez	a5,8aa <SystemInit+0xbe>
     8a4:	4782                	lw	a5,0(sp)
     8a6:	fee797e3          	bne	a5,a4,894 <SystemInit+0xa8>
     8aa:	400217b7          	lui	a5,0x40021
     8ae:	439c                	lw	a5,0(a5)
     8b0:	00e79713          	slli	a4,a5,0xe
     8b4:	06075463          	bgez	a4,91c <SystemInit+0x130>
     8b8:	4785                	li	a5,1
     8ba:	c23e                	sw	a5,4(sp)
     8bc:	4712                	lw	a4,4(sp)
     8be:	4785                	li	a5,1
     8c0:	06f71063          	bne	a4,a5,920 <SystemInit+0x134>
     8c4:	400217b7          	lui	a5,0x40021
     8c8:	43d8                	lw	a4,4(a5)
     8ca:	76c1                	lui	a3,0xffff0
     8cc:	16fd                	addi	a3,a3,-1
     8ce:	c3d8                	sw	a4,4(a5)
     8d0:	43d8                	lw	a4,4(a5)
     8d2:	8f75                	and	a4,a4,a3
     8d4:	c3d8                	sw	a4,4(a5)
     8d6:	43d8                	lw	a4,4(a5)
     8d8:	66c1                	lui	a3,0x10
     8da:	8f55                	or	a4,a4,a3
     8dc:	c3d8                	sw	a4,4(a5)
     8de:	4398                	lw	a4,0(a5)
     8e0:	010006b7          	lui	a3,0x1000
     8e4:	8f55                	or	a4,a4,a3
     8e6:	c398                	sw	a4,0(a5)
     8e8:	4398                	lw	a4,0(a5)
     8ea:	00671693          	slli	a3,a4,0x6
     8ee:	fe06dde3          	bgez	a3,8e8 <SystemInit+0xfc>
     8f2:	43d8                	lw	a4,4(a5)
     8f4:	400216b7          	lui	a3,0x40021
     8f8:	9b71                	andi	a4,a4,-4
     8fa:	c3d8                	sw	a4,4(a5)
     8fc:	43d8                	lw	a4,4(a5)
     8fe:	00276713          	ori	a4,a4,2
     902:	c3d8                	sw	a4,4(a5)
     904:	4721                	li	a4,8
     906:	42dc                	lw	a5,4(a3)
     908:	8bb1                	andi	a5,a5,12
     90a:	fee79ee3          	bne	a5,a4,906 <SystemInit+0x11a>
     90e:	400227b7          	lui	a5,0x40022
     912:	4709                	li	a4,2
     914:	c398                	sw	a4,0(a5)
     916:	0121                	addi	sp,sp,8
     918:	f92ff06f          	j	aa <__riscv_restore_0>
     91c:	c202                	sw	zero,4(sp)
     91e:	bf79                	j	8bc <SystemInit+0xd0>
     920:	400106b7          	lui	a3,0x40010
     924:	42dc                	lw	a5,4(a3)
     926:	7701                	lui	a4,0xfffe0
     928:	177d                	addi	a4,a4,-1
     92a:	8ff9                	and	a5,a5,a4
     92c:	c2dc                	sw	a5,4(a3)
     92e:	400217b7          	lui	a5,0x40021
     932:	4f98                	lw	a4,24(a5)
     934:	76c1                	lui	a3,0xffff0
     936:	16fd                	addi	a3,a3,-1
     938:	9b79                	andi	a4,a4,-2
     93a:	cf98                	sw	a4,24(a5)
     93c:	4398                	lw	a4,0(a5)
     93e:	8f75                	and	a4,a4,a3
     940:	bfd1                	j	914 <SystemInit+0x128>

00000942 <SystemCoreClockUpdate>:
     942:	f5eff2ef          	jal	t0,a0 <__riscv_save_0>
     946:	40021737          	lui	a4,0x40021
     94a:	435c                	lw	a5,4(a4)
     94c:	20000437          	lui	s0,0x20000
     950:	4691                	li	a3,4
     952:	8bb1                	andi	a5,a5,12
     954:	01440413          	addi	s0,s0,20 # 20000014 <SystemCoreClock>
     958:	00d78563          	beq	a5,a3,962 <SystemCoreClockUpdate+0x20>
     95c:	46a1                	li	a3,8
     95e:	04d78263          	beq	a5,a3,9a2 <SystemCoreClockUpdate+0x60>
     962:	016e37b7          	lui	a5,0x16e3
     966:	60078793          	addi	a5,a5,1536 # 16e3600 <_data_lma+0x16e25ec>
     96a:	c01c                	sw	a5,0(s0)
     96c:	400216b7          	lui	a3,0x40021
     970:	42dc                	lw	a5,4(a3)
     972:	4008                	lw	a0,0(s0)
     974:	8391                	srli	a5,a5,0x4
     976:	00f7f713          	andi	a4,a5,15
     97a:	200007b7          	lui	a5,0x20000
     97e:	00478793          	addi	a5,a5,4 # 20000004 <HBPrescTable>
     982:	97ba                	add	a5,a5,a4
     984:	238c                	lbu	a1,0(a5)
     986:	42dc                	lw	a5,4(a3)
     988:	0ff5f593          	andi	a1,a1,255
     98c:	0807f793          	andi	a5,a5,128
     990:	00b55733          	srl	a4,a0,a1
     994:	e781                	bnez	a5,99c <SystemCoreClockUpdate+0x5a>
     996:	f3eff0ef          	jal	ra,d4 <__udivsi3>
     99a:	872a                	mv	a4,a0
     99c:	c018                	sw	a4,0(s0)
     99e:	f0cff06f          	j	aa <__riscv_restore_0>
     9a2:	435c                	lw	a5,4(a4)
     9a4:	02dc77b7          	lui	a5,0x2dc7
     9a8:	c0078793          	addi	a5,a5,-1024 # 2dc6c00 <_data_lma+0x2dc5bec>
     9ac:	bf7d                	j	96a <SystemCoreClockUpdate+0x28>

000009ae <TIM1_init>:
     9ae:	ef2ff2ef          	jal	t0,a0 <__riscv_save_0>
     9b2:	84aa                	mv	s1,a0
     9b4:	6505                	lui	a0,0x1
     9b6:	1151                	addi	sp,sp,-12
     9b8:	842e                	mv	s0,a1
     9ba:	83450513          	addi	a0,a0,-1996 # 834 <SystemInit+0x48>
     9be:	4585                	li	a1,1
     9c0:	c002                	sw	zero,0(sp)
     9c2:	c202                	sw	zero,4(sp)
     9c4:	00011423          	sh	zero,8(sp)
     9c8:	2c65                	jal	c80 <RCC_APB2PeriphClockCmd>
     9ca:	8060                	sh	s0,0(sp)
     9cc:	40013437          	lui	s0,0x40013
     9d0:	858a                	mv	a1,sp
     9d2:	c0040513          	addi	a0,s0,-1024 # 40012c00 <__global_pointer$+0x200123e8>
     9d6:	8264                	sh	s1,4(sp)
     9d8:	00011323          	sh	zero,6(sp)
     9dc:	00011123          	sh	zero,2(sp)
     9e0:	2cf1                	jal	cbc <TIM_TimeBaseInit>
     9e2:	c0040513          	addi	a0,s0,-1024
     9e6:	4585                	li	a1,1
     9e8:	2395                	jal	f4c <TIM_ARRPreloadConfig>
     9ea:	4585                	li	a1,1
     9ec:	c0040513          	addi	a0,s0,-1024
     9f0:	2b31                	jal	f0c <TIM_Cmd>
     9f2:	0131                	addi	sp,sp,12
     9f4:	eb6ff06f          	j	aa <__riscv_restore_0>

000009f8 <TIM2_init>:
     9f8:	ea8ff2ef          	jal	t0,a0 <__riscv_save_0>
     9fc:	1131                	addi	sp,sp,-20
     9fe:	842e                	mv	s0,a1
     a00:	84aa                	mv	s1,a0
     a02:	4585                	li	a1,1
     a04:	4505                	li	a0,1
     a06:	c402                	sw	zero,8(sp)
     a08:	c602                	sw	zero,12(sp)
     a0a:	00011823          	sh	zero,16(sp)
     a0e:	c002                	sw	zero,0(sp)
     a10:	c202                	sw	zero,4(sp)
     a12:	2471                	jal	c9e <RCC_APB1PeriphClockCmd>
     a14:	002c                	addi	a1,sp,8
     a16:	40000537          	lui	a0,0x40000
     a1a:	8664                	sh	s1,12(sp)
     a1c:	8460                	sh	s0,8(sp)
     a1e:	00011723          	sh	zero,14(sp)
     a22:	00011523          	sh	zero,10(sp)
     a26:	2c59                	jal	cbc <TIM_TimeBaseInit>
     a28:	4605                	li	a2,1
     a2a:	4585                	li	a1,1
     a2c:	40000537          	lui	a0,0x40000
     a30:	2329                	jal	f3a <TIM_ITConfig>
     a32:	02600793          	li	a5,38
     a36:	807c                	sh	a5,0(sp)
     a38:	4785                	li	a5,1
     a3a:	815c                	sb	a5,2(sp)
     a3c:	850a                	mv	a0,sp
     a3e:	4785                	li	a5,1
     a40:	c23e                	sw	a5,4(sp)
     a42:	2af1                	jal	c1e <NVIC_Init>
     a44:	4581                	li	a1,0
     a46:	40000537          	lui	a0,0x40000
     a4a:	29e9                	jal	f24 <TIM_CtrlPWMOutputs>
     a4c:	4585                	li	a1,1
     a4e:	40000537          	lui	a0,0x40000
     a52:	29ed                	jal	f4c <TIM_ARRPreloadConfig>
     a54:	4585                	li	a1,1
     a56:	40000537          	lui	a0,0x40000
     a5a:	294d                	jal	f0c <TIM_Cmd>
     a5c:	0151                	addi	sp,sp,20
     a5e:	e4cff06f          	j	aa <__riscv_restore_0>

00000a62 <ADC1_IRQHandler>:
     a62:	a001                	j	a62 <ADC1_IRQHandler>

00000a64 <handle_reset>:
     a64:	20000197          	auipc	gp,0x20000
     a68:	db418193          	addi	gp,gp,-588 # 20000818 <__global_pointer$>
     a6c:	fe818113          	addi	sp,gp,-24 # 20000800 <_eusrstack>
     a70:	0a000513          	li	a0,160
     a74:	1ffff597          	auipc	a1,0x1ffff
     a78:	58c58593          	addi	a1,a1,1420 # 20000000 <_highcode_vma_end>
     a7c:	1ffff617          	auipc	a2,0x1ffff
     a80:	58460613          	addi	a2,a2,1412 # 20000000 <_highcode_vma_end>
     a84:	00c5fa63          	bgeu	a1,a2,a98 <handle_reset+0x34>
     a88:	00052283          	lw	t0,0(a0) # 40000000 <__global_pointer$+0x1ffff7e8>
     a8c:	0055a023          	sw	t0,0(a1)
     a90:	0511                	addi	a0,a0,4
     a92:	0591                	addi	a1,a1,4
     a94:	fec5eae3          	bltu	a1,a2,a88 <handle_reset+0x24>
     a98:	00000517          	auipc	a0,0x0
     a9c:	57c50513          	addi	a0,a0,1404 # 1014 <_data_lma>
     aa0:	1ffff597          	auipc	a1,0x1ffff
     aa4:	56058593          	addi	a1,a1,1376 # 20000000 <_highcode_vma_end>
     aa8:	1ffff617          	auipc	a2,0x1ffff
     aac:	57060613          	addi	a2,a2,1392 # 20000018 <_edata>
     ab0:	00c5fa63          	bgeu	a1,a2,ac4 <handle_reset+0x60>
     ab4:	00052283          	lw	t0,0(a0)
     ab8:	0055a023          	sw	t0,0(a1)
     abc:	0511                	addi	a0,a0,4
     abe:	0591                	addi	a1,a1,4
     ac0:	fec5eae3          	bltu	a1,a2,ab4 <handle_reset+0x50>
     ac4:	1ffff517          	auipc	a0,0x1ffff
     ac8:	55450513          	addi	a0,a0,1364 # 20000018 <_edata>
     acc:	92018593          	addi	a1,gp,-1760 # 20000138 <_ebss>
     ad0:	00b57763          	bgeu	a0,a1,ade <handle_reset+0x7a>
     ad4:	00052023          	sw	zero,0(a0)
     ad8:	0511                	addi	a0,a0,4
     ada:	feb56de3          	bltu	a0,a1,ad4 <handle_reset+0x70>
     ade:	000022b7          	lui	t0,0x2
     ae2:	88028293          	addi	t0,t0,-1920 # 1880 <_data_lma+0x86c>
     ae6:	30029073          	csrw	mstatus,t0
     aea:	428d                	li	t0,3
     aec:	80429073          	csrw	0x804,t0
     af0:	fffff297          	auipc	t0,0xfffff
     af4:	51028293          	addi	t0,t0,1296 # 0 <_sinit>
     af8:	0032e293          	ori	t0,t0,3
     afc:	30529073          	csrw	mtvec,t0
     b00:	cedff0ef          	jal	ra,7ec <SystemInit>
     b04:	00000297          	auipc	t0,0x0
     b08:	95028293          	addi	t0,t0,-1712 # 454 <main>
     b0c:	34129073          	csrw	mepc,t0
     b10:	30200073          	mret

00000b14 <GPIO_Init>:
     b14:	4594                	lw	a3,8(a1)
     b16:	0106f793          	andi	a5,a3,16
     b1a:	00f6f293          	andi	t0,a3,15
     b1e:	c781                	beqz	a5,b26 <GPIO_Init+0x12>
     b20:	41dc                	lw	a5,4(a1)
     b22:	00f2e2b3          	or	t0,t0,a5
     b26:	0005d383          	lhu	t2,0(a1)
     b2a:	0ff3f793          	andi	a5,t2,255
     b2e:	c3a5                	beqz	a5,b8e <GPIO_Init+0x7a>
     b30:	00052303          	lw	t1,0(a0)
     b34:	1161                	addi	sp,sp,-8
     b36:	c222                	sw	s0,4(sp)
     b38:	c026                	sw	s1,0(sp)
     b3a:	4781                	li	a5,0
     b3c:	02800413          	li	s0,40
     b40:	04800493          	li	s1,72
     b44:	4705                	li	a4,1
     b46:	00f71633          	sll	a2,a4,a5
     b4a:	00c3f733          	and	a4,t2,a2
     b4e:	02e61263          	bne	a2,a4,b72 <GPIO_Init+0x5e>
     b52:	00279593          	slli	a1,a5,0x2
     b56:	473d                	li	a4,15
     b58:	00b71733          	sll	a4,a4,a1
     b5c:	fff74713          	not	a4,a4
     b60:	00677333          	and	t1,a4,t1
     b64:	00b295b3          	sll	a1,t0,a1
     b68:	0065e333          	or	t1,a1,t1
     b6c:	00869d63          	bne	a3,s0,b86 <GPIO_Init+0x72>
     b70:	c950                	sw	a2,20(a0)
     b72:	0785                	addi	a5,a5,1
     b74:	4721                	li	a4,8
     b76:	fce797e3          	bne	a5,a4,b44 <GPIO_Init+0x30>
     b7a:	4412                	lw	s0,4(sp)
     b7c:	00652023          	sw	t1,0(a0)
     b80:	4482                	lw	s1,0(sp)
     b82:	0121                	addi	sp,sp,8
     b84:	8082                	ret
     b86:	fe9696e3          	bne	a3,s1,b72 <GPIO_Init+0x5e>
     b8a:	c910                	sw	a2,16(a0)
     b8c:	b7dd                	j	b72 <GPIO_Init+0x5e>
     b8e:	8082                	ret

00000b90 <GPIO_ReadInputDataBit>:
     b90:	4508                	lw	a0,8(a0)
     b92:	8d6d                	and	a0,a0,a1
     b94:	00a03533          	snez	a0,a0
     b98:	8082                	ret

00000b9a <GPIO_IPD_Unused>:
     b9a:	d06ff2ef          	jal	t0,a0 <__riscv_save_0>
     b9e:	1151                	addi	sp,sp,-12
     ba0:	4585                	li	a1,1
     ba2:	03400513          	li	a0,52
     ba6:	c002                	sw	zero,0(sp)
     ba8:	c202                	sw	zero,4(sp)
     baa:	c402                	sw	zero,8(sp)
     bac:	28d1                	jal	c80 <RCC_APB2PeriphClockCmd>
     bae:	1ffff7b7          	lui	a5,0x1ffff
     bb2:	7c47a783          	lw	a5,1988(a5) # 1ffff7c4 <_data_lma+0x1fffe7b0>
     bb6:	00320737          	lui	a4,0x320
     bba:	50070713          	addi	a4,a4,1280 # 320500 <_data_lma+0x31f4ec>
     bbe:	f0f7f793          	andi	a5,a5,-241
     bc2:	00e78b63          	beq	a5,a4,bd8 <GPIO_IPD_Unused+0x3e>
     bc6:	00330737          	lui	a4,0x330
     bca:	50070713          	addi	a4,a4,1280 # 330500 <_data_lma+0x32f4ec>
     bce:	02e78963          	beq	a5,a4,c00 <GPIO_IPD_Unused+0x66>
     bd2:	0131                	addi	sp,sp,12
     bd4:	cd6ff06f          	j	aa <__riscv_restore_0>
     bd8:	40011537          	lui	a0,0x40011
     bdc:	47b5                	li	a5,13
     bde:	04800413          	li	s0,72
     be2:	858a                	mv	a1,sp
     be4:	40050513          	addi	a0,a0,1024 # 40011400 <__global_pointer$+0x20010be8>
     be8:	807c                	sh	a5,0(sp)
     bea:	c422                	sw	s0,8(sp)
     bec:	3725                	jal	b14 <GPIO_Init>
     bee:	02000793          	li	a5,32
     bf2:	858a                	mv	a1,sp
     bf4:	40011537          	lui	a0,0x40011
     bf8:	807c                	sh	a5,0(sp)
     bfa:	c422                	sw	s0,8(sp)
     bfc:	3f21                	jal	b14 <GPIO_Init>
     bfe:	bfd1                	j	bd2 <GPIO_IPD_Unused+0x38>
     c00:	40011537          	lui	a0,0x40011
     c04:	08d00793          	li	a5,141
     c08:	04800413          	li	s0,72
     c0c:	858a                	mv	a1,sp
     c0e:	40050513          	addi	a0,a0,1024 # 40011400 <__global_pointer$+0x20010be8>
     c12:	807c                	sh	a5,0(sp)
     c14:	c422                	sw	s0,8(sp)
     c16:	3dfd                	jal	b14 <GPIO_Init>
     c18:	0e900793          	li	a5,233
     c1c:	bfd9                	j	bf2 <GPIO_IPD_Unused+0x58>

00000c1e <NVIC_Init>:
     c1e:	9181a683          	lw	a3,-1768(gp) # 20000130 <NVIC_Priority_Group>
     c22:	4785                	li	a5,1
     c24:	2118                	lbu	a4,0(a0)
     c26:	02f69063          	bne	a3,a5,c46 <NVIC_Init+0x28>
     c2a:	311c                	lbu	a5,1(a0)
     c2c:	02d79c63          	bne	a5,a3,c64 <NVIC_Init+0x46>
     c30:	213c                	lbu	a5,2(a0)
     c32:	079a                	slli	a5,a5,0x6
     c34:	f807e793          	ori	a5,a5,-128
     c38:	e000e6b7          	lui	a3,0xe000e
     c3c:	0ff7f793          	andi	a5,a5,255
     c40:	96ba                	add	a3,a3,a4
     c42:	40f68023          	sb	a5,1024(a3) # e000e400 <__global_pointer$+0xc000dbe8>
     c46:	4685                	li	a3,1
     c48:	00575793          	srli	a5,a4,0x5
     c4c:	00e69733          	sll	a4,a3,a4
     c50:	4154                	lw	a3,4(a0)
     c52:	ce89                	beqz	a3,c6c <NVIC_Init+0x4e>
     c54:	04078793          	addi	a5,a5,64
     c58:	078a                	slli	a5,a5,0x2
     c5a:	e000e6b7          	lui	a3,0xe000e
     c5e:	97b6                	add	a5,a5,a3
     c60:	c398                	sw	a4,0(a5)
     c62:	8082                	ret
     c64:	f3ed                	bnez	a5,c46 <NVIC_Init+0x28>
     c66:	213c                	lbu	a5,2(a0)
     c68:	079a                	slli	a5,a5,0x6
     c6a:	b7f9                	j	c38 <NVIC_Init+0x1a>
     c6c:	06078793          	addi	a5,a5,96
     c70:	e000e6b7          	lui	a3,0xe000e
     c74:	078a                	slli	a5,a5,0x2
     c76:	97b6                	add	a5,a5,a3
     c78:	c398                	sw	a4,0(a5)
     c7a:	0000100f          	fence.i
     c7e:	8082                	ret

00000c80 <RCC_APB2PeriphClockCmd>:
     c80:	c599                	beqz	a1,c8e <RCC_APB2PeriphClockCmd+0xe>
     c82:	40021737          	lui	a4,0x40021
     c86:	4f1c                	lw	a5,24(a4)
     c88:	8d5d                	or	a0,a0,a5
     c8a:	cf08                	sw	a0,24(a4)
     c8c:	8082                	ret
     c8e:	400217b7          	lui	a5,0x40021
     c92:	4f98                	lw	a4,24(a5)
     c94:	fff54513          	not	a0,a0
     c98:	8d79                	and	a0,a0,a4
     c9a:	cf88                	sw	a0,24(a5)
     c9c:	8082                	ret

00000c9e <RCC_APB1PeriphClockCmd>:
     c9e:	c599                	beqz	a1,cac <RCC_APB1PeriphClockCmd+0xe>
     ca0:	40021737          	lui	a4,0x40021
     ca4:	4f5c                	lw	a5,28(a4)
     ca6:	8d5d                	or	a0,a0,a5
     ca8:	cf48                	sw	a0,28(a4)
     caa:	8082                	ret
     cac:	400217b7          	lui	a5,0x40021
     cb0:	4fd8                	lw	a4,28(a5)
     cb2:	fff54513          	not	a0,a0
     cb6:	8d79                	and	a0,a0,a4
     cb8:	cfc8                	sw	a0,28(a5)
     cba:	8082                	ret

00000cbc <TIM_TimeBaseInit>:
     cbc:	211e                	lhu	a5,0(a0)
     cbe:	40013737          	lui	a4,0x40013
     cc2:	c0070713          	addi	a4,a4,-1024 # 40012c00 <__global_pointer$+0x200123e8>
     cc6:	07c2                	slli	a5,a5,0x10
     cc8:	83c1                	srli	a5,a5,0x10
     cca:	00e50663          	beq	a0,a4,cd6 <TIM_TimeBaseInit+0x1a>
     cce:	40000737          	lui	a4,0x40000
     cd2:	00e51663          	bne	a0,a4,cde <TIM_TimeBaseInit+0x22>
     cd6:	21ba                	lhu	a4,2(a1)
     cd8:	f8f7f793          	andi	a5,a5,-113
     cdc:	8fd9                	or	a5,a5,a4
     cde:	21fa                	lhu	a4,6(a1)
     ce0:	cff7f793          	andi	a5,a5,-769
     ce4:	07c2                	slli	a5,a5,0x10
     ce6:	83c1                	srli	a5,a5,0x10
     ce8:	8fd9                	or	a5,a5,a4
     cea:	a11e                	sh	a5,0(a0)
     cec:	21de                	lhu	a5,4(a1)
     cee:	b55e                	sh	a5,44(a0)
     cf0:	219e                	lhu	a5,0(a1)
     cf2:	b51e                	sh	a5,40(a0)
     cf4:	400137b7          	lui	a5,0x40013
     cf8:	c0078793          	addi	a5,a5,-1024 # 40012c00 <__global_pointer$+0x200123e8>
     cfc:	00f51463          	bne	a0,a5,d04 <TIM_TimeBaseInit+0x48>
     d00:	259c                	lbu	a5,8(a1)
     d02:	b91e                	sh	a5,48(a0)
     d04:	4785                	li	a5,1
     d06:	a95e                	sh	a5,20(a0)
     d08:	8082                	ret

00000d0a <TIM_OC1Init>:
     d0a:	311e                	lhu	a5,32(a0)
     d0c:	2192                	lhu	a2,0(a1)
     d0e:	0025d303          	lhu	t1,2(a1)
     d12:	07c2                	slli	a5,a5,0x10
     d14:	83c1                	srli	a5,a5,0x10
     d16:	9bf9                	andi	a5,a5,-2
     d18:	07c2                	slli	a5,a5,0x10
     d1a:	83c1                	srli	a5,a5,0x10
     d1c:	b11e                	sh	a5,32(a0)
     d1e:	311e                	lhu	a5,32(a0)
     d20:	2156                	lhu	a3,4(a0)
     d22:	2d1a                	lhu	a4,24(a0)
     d24:	07c2                	slli	a5,a5,0x10
     d26:	83c1                	srli	a5,a5,0x10
     d28:	0742                	slli	a4,a4,0x10
     d2a:	8341                	srli	a4,a4,0x10
     d2c:	f8c77713          	andi	a4,a4,-116
     d30:	8f51                	or	a4,a4,a2
     d32:	2592                	lhu	a2,8(a1)
     d34:	9bf5                	andi	a5,a5,-3
     d36:	06c2                	slli	a3,a3,0x10
     d38:	00666633          	or	a2,a2,t1
     d3c:	8fd1                	or	a5,a5,a2
     d3e:	40013637          	lui	a2,0x40013
     d42:	c0060613          	addi	a2,a2,-1024 # 40012c00 <__global_pointer$+0x200123e8>
     d46:	82c1                	srli	a3,a3,0x10
     d48:	02c51063          	bne	a0,a2,d68 <TIM_OC1Init+0x5e>
     d4c:	25b2                	lhu	a2,10(a1)
     d4e:	9bdd                	andi	a5,a5,-9
     d50:	00e5d303          	lhu	t1,14(a1)
     d54:	8fd1                	or	a5,a5,a2
     d56:	21d2                	lhu	a2,4(a1)
     d58:	9bed                	andi	a5,a5,-5
     d5a:	cff6f693          	andi	a3,a3,-769
     d5e:	8fd1                	or	a5,a5,a2
     d60:	25d2                	lhu	a2,12(a1)
     d62:	00666633          	or	a2,a2,t1
     d66:	8ed1                	or	a3,a3,a2
     d68:	a156                	sh	a3,4(a0)
     d6a:	ad1a                	sh	a4,24(a0)
     d6c:	21fa                	lhu	a4,6(a1)
     d6e:	d958                	sw	a4,52(a0)
     d70:	b11e                	sh	a5,32(a0)
     d72:	8082                	ret

00000d74 <TIM_OC2Init>:
     d74:	311e                	lhu	a5,32(a0)
     d76:	7765                	lui	a4,0xffff9
     d78:	cff70713          	addi	a4,a4,-769 # ffff8cff <__global_pointer$+0xdfff84e7>
     d7c:	07c2                	slli	a5,a5,0x10
     d7e:	83c1                	srli	a5,a5,0x10
     d80:	9bbd                	andi	a5,a5,-17
     d82:	07c2                	slli	a5,a5,0x10
     d84:	83c1                	srli	a5,a5,0x10
     d86:	b11e                	sh	a5,32(a0)
     d88:	311e                	lhu	a5,32(a0)
     d8a:	2156                	lhu	a3,4(a0)
     d8c:	0085d303          	lhu	t1,8(a1)
     d90:	07c2                	slli	a5,a5,0x10
     d92:	01069613          	slli	a2,a3,0x10
     d96:	2d16                	lhu	a3,24(a0)
     d98:	83c1                	srli	a5,a5,0x10
     d9a:	fdf7f793          	andi	a5,a5,-33
     d9e:	8f75                	and	a4,a4,a3
     da0:	2196                	lhu	a3,0(a1)
     da2:	8241                	srli	a2,a2,0x10
     da4:	06a2                	slli	a3,a3,0x8
     da6:	8f55                	or	a4,a4,a3
     da8:	21b6                	lhu	a3,2(a1)
     daa:	0742                	slli	a4,a4,0x10
     dac:	8341                	srli	a4,a4,0x10
     dae:	0066e6b3          	or	a3,a3,t1
     db2:	0692                	slli	a3,a3,0x4
     db4:	8fd5                	or	a5,a5,a3
     db6:	400136b7          	lui	a3,0x40013
     dba:	07c2                	slli	a5,a5,0x10
     dbc:	c0068693          	addi	a3,a3,-1024 # 40012c00 <__global_pointer$+0x200123e8>
     dc0:	83c1                	srli	a5,a5,0x10
     dc2:	02d51e63          	bne	a0,a3,dfe <TIM_OC2Init+0x8a>
     dc6:	25b6                	lhu	a3,10(a1)
     dc8:	f7f7f793          	andi	a5,a5,-129
     dcc:	00c5d303          	lhu	t1,12(a1)
     dd0:	0692                	slli	a3,a3,0x4
     dd2:	8fd5                	or	a5,a5,a3
     dd4:	21d6                	lhu	a3,4(a1)
     dd6:	07c2                	slli	a5,a5,0x10
     dd8:	83c1                	srli	a5,a5,0x10
     dda:	0692                	slli	a3,a3,0x4
     ddc:	fbf7f793          	andi	a5,a5,-65
     de0:	8fd5                	or	a5,a5,a3
     de2:	76fd                	lui	a3,0xfffff
     de4:	3ff68693          	addi	a3,a3,1023 # fffff3ff <__global_pointer$+0xdfffebe7>
     de8:	8ef1                	and	a3,a3,a2
     dea:	25f2                	lhu	a2,14(a1)
     dec:	07c2                	slli	a5,a5,0x10
     dee:	83c1                	srli	a5,a5,0x10
     df0:	00666633          	or	a2,a2,t1
     df4:	060a                	slli	a2,a2,0x2
     df6:	8ed1                	or	a3,a3,a2
     df8:	01069613          	slli	a2,a3,0x10
     dfc:	8241                	srli	a2,a2,0x10
     dfe:	a152                	sh	a2,4(a0)
     e00:	ad1a                	sh	a4,24(a0)
     e02:	21fa                	lhu	a4,6(a1)
     e04:	dd18                	sw	a4,56(a0)
     e06:	b11e                	sh	a5,32(a0)
     e08:	8082                	ret

00000e0a <TIM_OC3Init>:
     e0a:	311e                	lhu	a5,32(a0)
     e0c:	2192                	lhu	a2,0(a1)
     e0e:	0085d303          	lhu	t1,8(a1)
     e12:	07c2                	slli	a5,a5,0x10
     e14:	83c1                	srli	a5,a5,0x10
     e16:	eff7f793          	andi	a5,a5,-257
     e1a:	07c2                	slli	a5,a5,0x10
     e1c:	83c1                	srli	a5,a5,0x10
     e1e:	b11e                	sh	a5,32(a0)
     e20:	311e                	lhu	a5,32(a0)
     e22:	2156                	lhu	a3,4(a0)
     e24:	2d5a                	lhu	a4,28(a0)
     e26:	07c2                	slli	a5,a5,0x10
     e28:	83c1                	srli	a5,a5,0x10
     e2a:	0742                	slli	a4,a4,0x10
     e2c:	8341                	srli	a4,a4,0x10
     e2e:	f8c77713          	andi	a4,a4,-116
     e32:	8f51                	or	a4,a4,a2
     e34:	21b2                	lhu	a2,2(a1)
     e36:	dff7f793          	andi	a5,a5,-513
     e3a:	06c2                	slli	a3,a3,0x10
     e3c:	00666633          	or	a2,a2,t1
     e40:	0622                	slli	a2,a2,0x8
     e42:	8fd1                	or	a5,a5,a2
     e44:	01079613          	slli	a2,a5,0x10
     e48:	400137b7          	lui	a5,0x40013
     e4c:	c0078793          	addi	a5,a5,-1024 # 40012c00 <__global_pointer$+0x200123e8>
     e50:	82c1                	srli	a3,a3,0x10
     e52:	8241                	srli	a2,a2,0x10
     e54:	02f51f63          	bne	a0,a5,e92 <TIM_OC3Init+0x88>
     e58:	77fd                	lui	a5,0xfffff
     e5a:	7ff78793          	addi	a5,a5,2047 # fffff7ff <__global_pointer$+0xdfffefe7>
     e5e:	8ff1                	and	a5,a5,a2
     e60:	25b2                	lhu	a2,10(a1)
     e62:	00c5d303          	lhu	t1,12(a1)
     e66:	0622                	slli	a2,a2,0x8
     e68:	8fd1                	or	a5,a5,a2
     e6a:	21d2                	lhu	a2,4(a1)
     e6c:	07c2                	slli	a5,a5,0x10
     e6e:	83c1                	srli	a5,a5,0x10
     e70:	0622                	slli	a2,a2,0x8
     e72:	bff7f793          	andi	a5,a5,-1025
     e76:	8fd1                	or	a5,a5,a2
     e78:	01079613          	slli	a2,a5,0x10
     e7c:	77f5                	lui	a5,0xffffd
     e7e:	17fd                	addi	a5,a5,-1
     e80:	8efd                	and	a3,a3,a5
     e82:	25fe                	lhu	a5,14(a1)
     e84:	8241                	srli	a2,a2,0x10
     e86:	0067e7b3          	or	a5,a5,t1
     e8a:	0792                	slli	a5,a5,0x4
     e8c:	8edd                	or	a3,a3,a5
     e8e:	06c2                	slli	a3,a3,0x10
     e90:	82c1                	srli	a3,a3,0x10
     e92:	21fe                	lhu	a5,6(a1)
     e94:	a156                	sh	a3,4(a0)
     e96:	ad5a                	sh	a4,28(a0)
     e98:	dd5c                	sw	a5,60(a0)
     e9a:	b112                	sh	a2,32(a0)
     e9c:	8082                	ret

00000e9e <TIM_OC4Init>:
     e9e:	311a                	lhu	a4,32(a0)
     ea0:	77fd                	lui	a5,0xfffff
     ea2:	17fd                	addi	a5,a5,-1
     ea4:	8ff9                	and	a5,a5,a4
     ea6:	b11e                	sh	a5,32(a0)
     ea8:	02055303          	lhu	t1,32(a0)
     eac:	215a                	lhu	a4,4(a0)
     eae:	2d5e                	lhu	a5,28(a0)
     eb0:	76e5                	lui	a3,0xffff9
     eb2:	cff68693          	addi	a3,a3,-769 # ffff8cff <__global_pointer$+0xdfff84e7>
     eb6:	8efd                	and	a3,a3,a5
     eb8:	219e                	lhu	a5,0(a1)
     eba:	01071613          	slli	a2,a4,0x10
     ebe:	21ba                	lhu	a4,2(a1)
     ec0:	07a2                	slli	a5,a5,0x8
     ec2:	8edd                	or	a3,a3,a5
     ec4:	77f9                	lui	a5,0xffffe
     ec6:	17fd                	addi	a5,a5,-1
     ec8:	0067f7b3          	and	a5,a5,t1
     ecc:	0085d303          	lhu	t1,8(a1)
     ed0:	06c2                	slli	a3,a3,0x10
     ed2:	8241                	srli	a2,a2,0x10
     ed4:	00676733          	or	a4,a4,t1
     ed8:	0732                	slli	a4,a4,0xc
     eda:	8fd9                	or	a5,a5,a4
     edc:	40013737          	lui	a4,0x40013
     ee0:	07c2                	slli	a5,a5,0x10
     ee2:	c0070713          	addi	a4,a4,-1024 # 40012c00 <__global_pointer$+0x200123e8>
     ee6:	82c1                	srli	a3,a3,0x10
     ee8:	83c1                	srli	a5,a5,0x10
     eea:	00e51b63          	bne	a0,a4,f00 <TIM_OC4Init+0x62>
     eee:	7771                	lui	a4,0xffffc
     ef0:	177d                	addi	a4,a4,-1
     ef2:	8f71                	and	a4,a4,a2
     ef4:	25d2                	lhu	a2,12(a1)
     ef6:	061a                	slli	a2,a2,0x6
     ef8:	8f51                	or	a4,a4,a2
     efa:	01071613          	slli	a2,a4,0x10
     efe:	8241                	srli	a2,a2,0x10
     f00:	21fa                	lhu	a4,6(a1)
     f02:	a152                	sh	a2,4(a0)
     f04:	ad56                	sh	a3,28(a0)
     f06:	c138                	sw	a4,64(a0)
     f08:	b11e                	sh	a5,32(a0)
     f0a:	8082                	ret

00000f0c <TIM_Cmd>:
     f0c:	211e                	lhu	a5,0(a0)
     f0e:	c589                	beqz	a1,f18 <TIM_Cmd+0xc>
     f10:	0017e793          	ori	a5,a5,1
     f14:	a11e                	sh	a5,0(a0)
     f16:	8082                	ret
     f18:	07c2                	slli	a5,a5,0x10
     f1a:	83c1                	srli	a5,a5,0x10
     f1c:	9bf9                	andi	a5,a5,-2
     f1e:	07c2                	slli	a5,a5,0x10
     f20:	83c1                	srli	a5,a5,0x10
     f22:	bfcd                	j	f14 <TIM_Cmd+0x8>

00000f24 <TIM_CtrlPWMOutputs>:
     f24:	04455783          	lhu	a5,68(a0)
     f28:	c591                	beqz	a1,f34 <TIM_CtrlPWMOutputs+0x10>
     f2a:	6721                	lui	a4,0x8
     f2c:	8fd9                	or	a5,a5,a4
     f2e:	04f51223          	sh	a5,68(a0)
     f32:	8082                	ret
     f34:	07c6                	slli	a5,a5,0x11
     f36:	83c5                	srli	a5,a5,0x11
     f38:	bfdd                	j	f2e <TIM_CtrlPWMOutputs+0xa>

00000f3a <TIM_ITConfig>:
     f3a:	255e                	lhu	a5,12(a0)
     f3c:	c601                	beqz	a2,f44 <TIM_ITConfig+0xa>
     f3e:	8ddd                	or	a1,a1,a5
     f40:	a54e                	sh	a1,12(a0)
     f42:	8082                	ret
     f44:	fff5c593          	not	a1,a1
     f48:	8dfd                	and	a1,a1,a5
     f4a:	bfdd                	j	f40 <TIM_ITConfig+0x6>

00000f4c <TIM_ARRPreloadConfig>:
     f4c:	211e                	lhu	a5,0(a0)
     f4e:	c589                	beqz	a1,f58 <TIM_ARRPreloadConfig+0xc>
     f50:	0807e793          	ori	a5,a5,128
     f54:	a11e                	sh	a5,0(a0)
     f56:	8082                	ret
     f58:	07c2                	slli	a5,a5,0x10
     f5a:	83c1                	srli	a5,a5,0x10
     f5c:	f7f7f793          	andi	a5,a5,-129
     f60:	07c2                	slli	a5,a5,0x10
     f62:	83c1                	srli	a5,a5,0x10
     f64:	bfc5                	j	f54 <TIM_ARRPreloadConfig+0x8>

00000f66 <TIM_OC1PreloadConfig>:
     f66:	2d1e                	lhu	a5,24(a0)
     f68:	07c2                	slli	a5,a5,0x10
     f6a:	83c1                	srli	a5,a5,0x10
     f6c:	9bdd                	andi	a5,a5,-9
     f6e:	8ddd                	or	a1,a1,a5
     f70:	ad0e                	sh	a1,24(a0)
     f72:	8082                	ret

00000f74 <TIM_OC2PreloadConfig>:
     f74:	2d1a                	lhu	a4,24(a0)
     f76:	77fd                	lui	a5,0xfffff
     f78:	7ff78793          	addi	a5,a5,2047 # fffff7ff <__global_pointer$+0xdfffefe7>
     f7c:	8ff9                	and	a5,a5,a4
     f7e:	05a2                	slli	a1,a1,0x8
     f80:	8fcd                	or	a5,a5,a1
     f82:	07c2                	slli	a5,a5,0x10
     f84:	83c1                	srli	a5,a5,0x10
     f86:	ad1e                	sh	a5,24(a0)
     f88:	8082                	ret

00000f8a <TIM_OC3PreloadConfig>:
     f8a:	2d5e                	lhu	a5,28(a0)
     f8c:	07c2                	slli	a5,a5,0x10
     f8e:	83c1                	srli	a5,a5,0x10
     f90:	9bdd                	andi	a5,a5,-9
     f92:	8ddd                	or	a1,a1,a5
     f94:	ad4e                	sh	a1,28(a0)
     f96:	8082                	ret

00000f98 <TIM_OC4PreloadConfig>:
     f98:	2d5a                	lhu	a4,28(a0)
     f9a:	77fd                	lui	a5,0xfffff
     f9c:	7ff78793          	addi	a5,a5,2047 # fffff7ff <__global_pointer$+0xdfffefe7>
     fa0:	8ff9                	and	a5,a5,a4
     fa2:	05a2                	slli	a1,a1,0x8
     fa4:	8fcd                	or	a5,a5,a1
     fa6:	07c2                	slli	a5,a5,0x10
     fa8:	83c1                	srli	a5,a5,0x10
     faa:	ad5e                	sh	a5,28(a0)
     fac:	8082                	ret

00000fae <TIM_SetCompare1>:
     fae:	d94c                	sw	a1,52(a0)
     fb0:	8082                	ret

00000fb2 <TIM_SetCompare3>:
     fb2:	dd4c                	sw	a1,60(a0)
     fb4:	8082                	ret

00000fb6 <TIM_SetCompare4>:
     fb6:	c12c                	sw	a1,64(a0)
     fb8:	8082                	ret

00000fba <TIM_GetITStatus>:
     fba:	291e                	lhu	a5,16(a0)
     fbc:	254a                	lhu	a0,12(a0)
     fbe:	8fed                	and	a5,a5,a1
     fc0:	0542                	slli	a0,a0,0x10
     fc2:	8141                	srli	a0,a0,0x10
     fc4:	c789                	beqz	a5,fce <TIM_GetITStatus+0x14>
     fc6:	8d6d                	and	a0,a0,a1
     fc8:	00a03533          	snez	a0,a0
     fcc:	8082                	ret
     fce:	4501                	li	a0,0
     fd0:	8082                	ret

00000fd2 <TIM_ClearITPendingBit>:
     fd2:	fff5c593          	not	a1,a1
     fd6:	05c2                	slli	a1,a1,0x10
     fd8:	81c1                	srli	a1,a1,0x10
     fda:	a90e                	sh	a1,16(a0)
     fdc:	8082                	ret

00000fde <Delay_Init>:
     fde:	8c2ff2ef          	jal	t0,a0 <__riscv_save_0>
     fe2:	200007b7          	lui	a5,0x20000
     fe6:	0147a503          	lw	a0,20(a5) # 20000014 <SystemCoreClock>
     fea:	007a15b7          	lui	a1,0x7a1
     fee:	20058593          	addi	a1,a1,512 # 7a1200 <_data_lma+0x7a01ec>
     ff2:	8e2ff0ef          	jal	ra,d4 <__udivsi3>
     ff6:	0ff57513          	andi	a0,a0,255
     ffa:	90a18f23          	sb	a0,-1762(gp) # 20000136 <p_us>
     ffe:	00551793          	slli	a5,a0,0x5
    1002:	8f89                	sub	a5,a5,a0
    1004:	078a                	slli	a5,a5,0x2
    1006:	953e                	add	a0,a0,a5
    1008:	050e                	slli	a0,a0,0x3
    100a:	90a19e23          	sh	a0,-1764(gp) # 20000134 <p_ms>
    100e:	89cff06f          	j	aa <__riscv_restore_0>
	...
